2012-07-06 13:19:42 Error: [MissingControllerException] Controller class Index.phpController could not be found.
#0 /Applications/MAMP/htdocs/Djinn/app/webroot/index.php(92): Dispatcher->dispatch(Object(CakeRequest), Object(CakeResponse))
#1 {main}
2012-07-06 13:34:17 Error: [MissingViewException] View file "/Applications/MAMP/htdocs/Djinn/app/View/Pages/index.ctp" is missing.
#0 /Applications/MAMP/htdocs/Djinn/lib/Cake/View/View.php(472): View->_getViewFileName(NULL)
#1 /Applications/MAMP/htdocs/Djinn/lib/Cake/Controller/Controller.php(957): View->render(NULL, NULL)
#2 /Applications/MAMP/htdocs/Djinn/lib/Cake/Routing/Dispatcher.php(193): Controller->render()
#3 /Applications/MAMP/htdocs/Djinn/lib/Cake/Routing/Dispatcher.php(161): Dispatcher->_invoke(Object(PagesController), Object(CakeRequest), Object(CakeResponse))
#4 /Applications/MAMP/htdocs/Djinn/app/webroot/index.php(92): Dispatcher->dispatch(Object(CakeRequest), Object(CakeResponse))
#5 {main}
2012-07-06 13:37:24 Error: [MissingViewException] View file "/Applications/MAMP/htdocs/Djinn/app/View/Pages/index.ctp" is missing.
#0 /Applications/MAMP/htdocs/Djinn/lib/Cake/View/View.php(472): View->_getViewFileName(NULL)
#1 /Applications/MAMP/htdocs/Djinn/lib/Cake/Controller/Controller.php(957): View->render(NULL, NULL)
#2 /Applications/MAMP/htdocs/Djinn/lib/Cake/Routing/Dispatcher.php(193): Controller->render()
#3 /Applications/MAMP/htdocs/Djinn/lib/Cake/Routing/Dispatcher.php(161): Dispatcher->_invoke(Object(PagesController), Object(CakeRequest), Object(CakeResponse))
#4 /Applications/MAMP/htdocs/Djinn/app/webroot/index.php(92): Dispatcher->dispatch(Object(CakeRequest), Object(CakeResponse))
#5 {main}
2012-07-06 13:49:57 Error: [MissingViewException] View file "/Applications/MAMP/htdocs/Djinn/app/View/Pages/index.ctp" is missing.
#0 /Applications/MAMP/htdocs/Djinn/lib/Cake/View/View.php(472): View->_getViewFileName(NULL)
#1 /Applications/MAMP/htdocs/Djinn/lib/Cake/Controller/Controller.php(957): View->render(NULL, NULL)
#2 /Applications/MAMP/htdocs/Djinn/lib/Cake/Routing/Dispatcher.php(193): Controller->render()
#3 /Applications/MAMP/htdocs/Djinn/lib/Cake/Routing/Dispatcher.php(161): Dispatcher->_invoke(Object(PagesController), Object(CakeRequest), Object(CakeResponse))
#4 /Applications/MAMP/htdocs/Djinn/app/webroot/index.php(92): Dispatcher->dispatch(Object(CakeRequest), Object(CakeResponse))
#5 {main}
2012-07-06 13:49:57 Error: [MissingViewException] View file "/Applications/MAMP/htdocs/Djinn/app/View/Pages/index.ctp" is missing.
#0 /Applications/MAMP/htdocs/Djinn/lib/Cake/View/View.php(472): View->_getViewFileName(NULL)
#1 /Applications/MAMP/htdocs/Djinn/lib/Cake/Controller/Controller.php(957): View->render(NULL, NULL)
#2 /Applications/MAMP/htdocs/Djinn/lib/Cake/Routing/Dispatcher.php(193): Controller->render()
#3 /Applications/MAMP/htdocs/Djinn/lib/Cake/Routing/Dispatcher.php(161): Dispatcher->_invoke(Object(PagesController), Object(CakeRequest), Object(CakeResponse))
#4 /Applications/MAMP/htdocs/Djinn/app/webroot/index.php(92): Dispatcher->dispatch(Object(CakeRequest), Object(CakeResponse))
#5 {main}
2012-07-06 13:53:09 Error: [MissingViewException] View file "/Applications/MAMP/htdocs/Djinn/app/View/Pages/index.ctp" is missing.
#0 /Applications/MAMP/htdocs/Djinn/lib/Cake/View/View.php(472): View->_getViewFileName(NULL)
#1 /Applications/MAMP/htdocs/Djinn/lib/Cake/Controller/Controller.php(957): View->render(NULL, NULL)
#2 /Applications/MAMP/htdocs/Djinn/lib/Cake/Routing/Dispatcher.php(193): Controller->render()
#3 /Applications/MAMP/htdocs/Djinn/lib/Cake/Routing/Dispatcher.php(161): Dispatcher->_invoke(Object(PagesController), Object(CakeRequest), Object(CakeResponse))
#4 /Applications/MAMP/htdocs/Djinn/app/webroot/index.php(92): Dispatcher->dispatch(Object(CakeRequest), Object(CakeResponse))
#5 {main}
2012-07-06 13:53:09 Error: [MissingViewException] View file "/Applications/MAMP/htdocs/Djinn/app/View/Pages/index.ctp" is missing.
#0 /Applications/MAMP/htdocs/Djinn/lib/Cake/View/View.php(472): View->_getViewFileName(NULL)
#1 /Applications/MAMP/htdocs/Djinn/lib/Cake/Controller/Controller.php(957): View->render(NULL, NULL)
#2 /Applications/MAMP/htdocs/Djinn/lib/Cake/Routing/Dispatcher.php(193): Controller->render()
#3 /Applications/MAMP/htdocs/Djinn/lib/Cake/Routing/Dispatcher.php(161): Dispatcher->_invoke(Object(PagesController), Object(CakeRequest), Object(CakeResponse))
#4 /Applications/MAMP/htdocs/Djinn/app/webroot/index.php(92): Dispatcher->dispatch(Object(CakeRequest), Object(CakeResponse))
#5 {main}
2012-07-06 13:54:05 Error: [MissingViewException] View file "/Applications/MAMP/htdocs/Djinn/app/View/Pages/index.ctp" is missing.
#0 /Applications/MAMP/htdocs/Djinn/lib/Cake/View/View.php(472): View->_getViewFileName(NULL)
#1 /Applications/MAMP/htdocs/Djinn/lib/Cake/Controller/Controller.php(957): View->render(NULL, NULL)
#2 /Applications/MAMP/htdocs/Djinn/lib/Cake/Routing/Dispatcher.php(193): Controller->render()
#3 /Applications/MAMP/htdocs/Djinn/lib/Cake/Routing/Dispatcher.php(161): Dispatcher->_invoke(Object(PagesController), Object(CakeRequest), Object(CakeResponse))
#4 /Applications/MAMP/htdocs/Djinn/app/webroot/index.php(92): Dispatcher->dispatch(Object(CakeRequest), Object(CakeResponse))
#5 {main}
2012-07-06 13:54:05 Error: [MissingViewException] View file "/Applications/MAMP/htdocs/Djinn/app/View/Pages/index.ctp" is missing.
#0 /Applications/MAMP/htdocs/Djinn/lib/Cake/View/View.php(472): View->_getViewFileName(NULL)
#1 /Applications/MAMP/htdocs/Djinn/lib/Cake/Controller/Controller.php(957): View->render(NULL, NULL)
#2 /Applications/MAMP/htdocs/Djinn/lib/Cake/Routing/Dispatcher.php(193): Controller->render()
#3 /Applications/MAMP/htdocs/Djinn/lib/Cake/Routing/Dispatcher.php(161): Dispatcher->_invoke(Object(PagesController), Object(CakeRequest), Object(CakeResponse))
#4 /Applications/MAMP/htdocs/Djinn/app/webroot/index.php(92): Dispatcher->dispatch(Object(CakeRequest), Object(CakeResponse))
#5 {main}
2012-07-06 13:56:03 Error: [MissingViewException] View file "/Applications/MAMP/htdocs/Djinn/app/View/Pages/index.ctp" is missing.
#0 /Applications/MAMP/htdocs/Djinn/lib/Cake/View/View.php(472): View->_getViewFileName(NULL)
#1 /Applications/MAMP/htdocs/Djinn/lib/Cake/Controller/Controller.php(957): View->render(NULL, NULL)
#2 /Applications/MAMP/htdocs/Djinn/lib/Cake/Routing/Dispatcher.php(193): Controller->render()
#3 /Applications/MAMP/htdocs/Djinn/lib/Cake/Routing/Dispatcher.php(161): Dispatcher->_invoke(Object(PagesController), Object(CakeRequest), Object(CakeResponse))
#4 /Applications/MAMP/htdocs/Djinn/app/webroot/index.php(92): Dispatcher->dispatch(Object(CakeRequest), Object(CakeResponse))
#5 {main}
2012-07-06 13:56:04 Error: [MissingViewException] View file "/Applications/MAMP/htdocs/Djinn/app/View/Pages/index.ctp" is missing.
#0 /Applications/MAMP/htdocs/Djinn/lib/Cake/View/View.php(472): View->_getViewFileName(NULL)
#1 /Applications/MAMP/htdocs/Djinn/lib/Cake/Controller/Controller.php(957): View->render(NULL, NULL)
#2 /Applications/MAMP/htdocs/Djinn/lib/Cake/Routing/Dispatcher.php(193): Controller->render()
#3 /Applications/MAMP/htdocs/Djinn/lib/Cake/Routing/Dispatcher.php(161): Dispatcher->_invoke(Object(PagesController), Object(CakeRequest), Object(CakeResponse))
#4 /Applications/MAMP/htdocs/Djinn/app/webroot/index.php(92): Dispatcher->dispatch(Object(CakeRequest), Object(CakeResponse))
#5 {main}
2012-07-06 13:56:25 Error: [MissingViewException] View file "/Applications/MAMP/htdocs/Djinn/app/View/Pages/index.ctp" is missing.
#0 /Applications/MAMP/htdocs/Djinn/lib/Cake/View/View.php(472): View->_getViewFileName(NULL)
#1 /Applications/MAMP/htdocs/Djinn/lib/Cake/Controller/Controller.php(957): View->render(NULL, NULL)
#2 /Applications/MAMP/htdocs/Djinn/lib/Cake/Routing/Dispatcher.php(193): Controller->render()
#3 /Applications/MAMP/htdocs/Djinn/lib/Cake/Routing/Dispatcher.php(161): Dispatcher->_invoke(Object(PagesController), Object(CakeRequest), Object(CakeResponse))
#4 /Applications/MAMP/htdocs/Djinn/app/webroot/index.php(92): Dispatcher->dispatch(Object(CakeRequest), Object(CakeResponse))
#5 {main}
2012-07-06 13:56:25 Error: [MissingViewException] View file "/Applications/MAMP/htdocs/Djinn/app/View/Pages/index.ctp" is missing.
#0 /Applications/MAMP/htdocs/Djinn/lib/Cake/View/View.php(472): View->_getViewFileName(NULL)
#1 /Applications/MAMP/htdocs/Djinn/lib/Cake/Controller/Controller.php(957): View->render(NULL, NULL)
#2 /Applications/MAMP/htdocs/Djinn/lib/Cake/Routing/Dispatcher.php(193): Controller->render()
#3 /Applications/MAMP/htdocs/Djinn/lib/Cake/Routing/Dispatcher.php(161): Dispatcher->_invoke(Object(PagesController), Object(CakeRequest), Object(CakeResponse))
#4 /Applications/MAMP/htdocs/Djinn/app/webroot/index.php(92): Dispatcher->dispatch(Object(CakeRequest), Object(CakeResponse))
#5 {main}
2012-07-06 13:57:09 Error: [MissingViewException] View file "/Applications/MAMP/htdocs/Djinn/app/View/Pages/index.ctp" is missing.
#0 /Applications/MAMP/htdocs/Djinn/lib/Cake/View/View.php(472): View->_getViewFileName(NULL)
#1 /Applications/MAMP/htdocs/Djinn/lib/Cake/Controller/Controller.php(957): View->render(NULL, NULL)
#2 /Applications/MAMP/htdocs/Djinn/lib/Cake/Routing/Dispatcher.php(193): Controller->render()
#3 /Applications/MAMP/htdocs/Djinn/lib/Cake/Routing/Dispatcher.php(161): Dispatcher->_invoke(Object(PagesController), Object(CakeRequest), Object(CakeResponse))
#4 /Applications/MAMP/htdocs/Djinn/app/webroot/index.php(92): Dispatcher->dispatch(Object(CakeRequest), Object(CakeResponse))
#5 {main}
2012-07-06 14:01:30 Error: [MissingViewException] View file "/Applications/MAMP/htdocs/Djinn/app/View/Pages/index.ctp" is missing.
#0 /Applications/MAMP/htdocs/Djinn/lib/Cake/View/View.php(472): View->_getViewFileName(NULL)
#1 /Applications/MAMP/htdocs/Djinn/lib/Cake/Controller/Controller.php(957): View->render(NULL, NULL)
#2 /Applications/MAMP/htdocs/Djinn/lib/Cake/Routing/Dispatcher.php(193): Controller->render()
#3 /Applications/MAMP/htdocs/Djinn/lib/Cake/Routing/Dispatcher.php(161): Dispatcher->_invoke(Object(PagesController), Object(CakeRequest), Object(CakeResponse))
#4 /Applications/MAMP/htdocs/Djinn/app/webroot/index.php(92): Dispatcher->dispatch(Object(CakeRequest), Object(CakeResponse))
#5 {main}
2012-07-06 14:01:30 Error: [MissingViewException] View file "/Applications/MAMP/htdocs/Djinn/app/View/Pages/index.ctp" is missing.
#0 /Applications/MAMP/htdocs/Djinn/lib/Cake/View/View.php(472): View->_getViewFileName(NULL)
#1 /Applications/MAMP/htdocs/Djinn/lib/Cake/Controller/Controller.php(957): View->render(NULL, NULL)
#2 /Applications/MAMP/htdocs/Djinn/lib/Cake/Routing/Dispatcher.php(193): Controller->render()
#3 /Applications/MAMP/htdocs/Djinn/lib/Cake/Routing/Dispatcher.php(161): Dispatcher->_invoke(Object(PagesController), Object(CakeRequest), Object(CakeResponse))
#4 /Applications/MAMP/htdocs/Djinn/app/webroot/index.php(92): Dispatcher->dispatch(Object(CakeRequest), Object(CakeResponse))
#5 {main}
2012-07-06 14:02:08 Error: [MissingViewException] View file "/Applications/MAMP/htdocs/Djinn/app/View/Pages/index.ctp" is missing.
#0 /Applications/MAMP/htdocs/Djinn/lib/Cake/View/View.php(472): View->_getViewFileName(NULL)
#1 /Applications/MAMP/htdocs/Djinn/lib/Cake/Controller/Controller.php(957): View->render(NULL, NULL)
#2 /Applications/MAMP/htdocs/Djinn/lib/Cake/Routing/Dispatcher.php(193): Controller->render()
#3 /Applications/MAMP/htdocs/Djinn/lib/Cake/Routing/Dispatcher.php(161): Dispatcher->_invoke(Object(PagesController), Object(CakeRequest), Object(CakeResponse))
#4 /Applications/MAMP/htdocs/Djinn/app/webroot/index.php(92): Dispatcher->dispatch(Object(CakeRequest), Object(CakeResponse))
#5 {main}
2012-07-06 14:02:40 Error: [MissingViewException] View file "/Applications/MAMP/htdocs/Djinn/app/View/Pages/index.ctp" is missing.
#0 /Applications/MAMP/htdocs/Djinn/lib/Cake/View/View.php(472): View->_getViewFileName(NULL)
#1 /Applications/MAMP/htdocs/Djinn/lib/Cake/Controller/Controller.php(957): View->render(NULL, NULL)
#2 /Applications/MAMP/htdocs/Djinn/lib/Cake/Routing/Dispatcher.php(193): Controller->render()
#3 /Applications/MAMP/htdocs/Djinn/lib/Cake/Routing/Dispatcher.php(161): Dispatcher->_invoke(Object(PagesController), Object(CakeRequest), Object(CakeResponse))
#4 /Applications/MAMP/htdocs/Djinn/app/webroot/index.php(92): Dispatcher->dispatch(Object(CakeRequest), Object(CakeResponse))
#5 {main}
2012-07-06 14:02:40 Error: [MissingViewException] View file "/Applications/MAMP/htdocs/Djinn/app/View/Pages/index.ctp" is missing.
#0 /Applications/MAMP/htdocs/Djinn/lib/Cake/View/View.php(472): View->_getViewFileName(NULL)
#1 /Applications/MAMP/htdocs/Djinn/lib/Cake/Controller/Controller.php(957): View->render(NULL, NULL)
#2 /Applications/MAMP/htdocs/Djinn/lib/Cake/Routing/Dispatcher.php(193): Controller->render()
#3 /Applications/MAMP/htdocs/Djinn/lib/Cake/Routing/Dispatcher.php(161): Dispatcher->_invoke(Object(PagesController), Object(CakeRequest), Object(CakeResponse))
#4 /Applications/MAMP/htdocs/Djinn/app/webroot/index.php(92): Dispatcher->dispatch(Object(CakeRequest), Object(CakeResponse))
#5 {main}
2012-07-06 14:02:42 Error: [MissingViewException] View file "/Applications/MAMP/htdocs/Djinn/app/View/Pages/index.ctp" is missing.
#0 /Applications/MAMP/htdocs/Djinn/lib/Cake/View/View.php(472): View->_getViewFileName(NULL)
#1 /Applications/MAMP/htdocs/Djinn/lib/Cake/Controller/Controller.php(957): View->render(NULL, NULL)
#2 /Applications/MAMP/htdocs/Djinn/lib/Cake/Routing/Dispatcher.php(193): Controller->render()
#3 /Applications/MAMP/htdocs/Djinn/lib/Cake/Routing/Dispatcher.php(161): Dispatcher->_invoke(Object(PagesController), Object(CakeRequest), Object(CakeResponse))
#4 /Applications/MAMP/htdocs/Djinn/app/webroot/index.php(92): Dispatcher->dispatch(Object(CakeRequest), Object(CakeResponse))
#5 {main}
2012-07-06 14:02:43 Error: [MissingViewException] View file "/Applications/MAMP/htdocs/Djinn/app/View/Pages/index.ctp" is missing.
#0 /Applications/MAMP/htdocs/Djinn/lib/Cake/View/View.php(472): View->_getViewFileName(NULL)
#1 /Applications/MAMP/htdocs/Djinn/lib/Cake/Controller/Controller.php(957): View->render(NULL, NULL)
#2 /Applications/MAMP/htdocs/Djinn/lib/Cake/Routing/Dispatcher.php(193): Controller->render()
#3 /Applications/MAMP/htdocs/Djinn/lib/Cake/Routing/Dispatcher.php(161): Dispatcher->_invoke(Object(PagesController), Object(CakeRequest), Object(CakeResponse))
#4 /Applications/MAMP/htdocs/Djinn/app/webroot/index.php(92): Dispatcher->dispatch(Object(CakeRequest), Object(CakeResponse))
#5 {main}
2012-07-06 14:04:24 Error: [MissingViewException] View file "/Applications/MAMP/htdocs/Djinn/app/View/Pages/index.ctp" is missing.
#0 /Applications/MAMP/htdocs/Djinn/lib/Cake/View/View.php(472): View->_getViewFileName(NULL)
#1 /Applications/MAMP/htdocs/Djinn/lib/Cake/Controller/Controller.php(957): View->render(NULL, NULL)
#2 /Applications/MAMP/htdocs/Djinn/lib/Cake/Routing/Dispatcher.php(193): Controller->render()
#3 /Applications/MAMP/htdocs/Djinn/lib/Cake/Routing/Dispatcher.php(161): Dispatcher->_invoke(Object(PagesController), Object(CakeRequest), Object(CakeResponse))
#4 /Applications/MAMP/htdocs/Djinn/app/webroot/index.php(92): Dispatcher->dispatch(Object(CakeRequest), Object(CakeResponse))
#5 {main}
2012-07-06 14:04:24 Error: [MissingViewException] View file "/Applications/MAMP/htdocs/Djinn/app/View/Pages/index.ctp" is missing.
#0 /Applications/MAMP/htdocs/Djinn/lib/Cake/View/View.php(472): View->_getViewFileName(NULL)
#1 /Applications/MAMP/htdocs/Djinn/lib/Cake/Controller/Controller.php(957): View->render(NULL, NULL)
#2 /Applications/MAMP/htdocs/Djinn/lib/Cake/Routing/Dispatcher.php(193): Controller->render()
#3 /Applications/MAMP/htdocs/Djinn/lib/Cake/Routing/Dispatcher.php(161): Dispatcher->_invoke(Object(PagesController), Object(CakeRequest), Object(CakeResponse))
#4 /Applications/MAMP/htdocs/Djinn/app/webroot/index.php(92): Dispatcher->dispatch(Object(CakeRequest), Object(CakeResponse))
#5 {main}
2012-07-06 14:04:43 Error: [MissingViewException] View file "/Applications/MAMP/htdocs/Djinn/app/View/Pages/index.ctp" is missing.
#0 /Applications/MAMP/htdocs/Djinn/lib/Cake/View/View.php(472): View->_getViewFileName(NULL)
#1 /Applications/MAMP/htdocs/Djinn/lib/Cake/Controller/Controller.php(957): View->render(NULL, NULL)
#2 /Applications/MAMP/htdocs/Djinn/lib/Cake/Routing/Dispatcher.php(193): Controller->render()
#3 /Applications/MAMP/htdocs/Djinn/lib/Cake/Routing/Dispatcher.php(161): Dispatcher->_invoke(Object(PagesController), Object(CakeRequest), Object(CakeResponse))
#4 /Applications/MAMP/htdocs/Djinn/app/webroot/index.php(92): Dispatcher->dispatch(Object(CakeRequest), Object(CakeResponse))
#5 {main}
2012-07-06 14:04:43 Error: [MissingViewException] View file "/Applications/MAMP/htdocs/Djinn/app/View/Pages/index.ctp" is missing.
#0 /Applications/MAMP/htdocs/Djinn/lib/Cake/View/View.php(472): View->_getViewFileName(NULL)
#1 /Applications/MAMP/htdocs/Djinn/lib/Cake/Controller/Controller.php(957): View->render(NULL, NULL)
#2 /Applications/MAMP/htdocs/Djinn/lib/Cake/Routing/Dispatcher.php(193): Controller->render()
#3 /Applications/MAMP/htdocs/Djinn/lib/Cake/Routing/Dispatcher.php(161): Dispatcher->_invoke(Object(PagesController), Object(CakeRequest), Object(CakeResponse))
#4 /Applications/MAMP/htdocs/Djinn/app/webroot/index.php(92): Dispatcher->dispatch(Object(CakeRequest), Object(CakeResponse))
#5 {main}
2012-07-06 14:06:15 Error: [MissingViewException] View file "/Applications/MAMP/htdocs/Djinn/app/View/Pages/index.ctp" is missing.
#0 /Applications/MAMP/htdocs/Djinn/lib/Cake/View/View.php(472): View->_getViewFileName(NULL)
#1 /Applications/MAMP/htdocs/Djinn/lib/Cake/Controller/Controller.php(957): View->render(NULL, NULL)
#2 /Applications/MAMP/htdocs/Djinn/lib/Cake/Routing/Dispatcher.php(193): Controller->render()
#3 /Applications/MAMP/htdocs/Djinn/lib/Cake/Routing/Dispatcher.php(161): Dispatcher->_invoke(Object(PagesController), Object(CakeRequest), Object(CakeResponse))
#4 /Applications/MAMP/htdocs/Djinn/app/webroot/index.php(92): Dispatcher->dispatch(Object(CakeRequest), Object(CakeResponse))
#5 {main}
2012-07-06 14:06:15 Error: [MissingViewException] View file "/Applications/MAMP/htdocs/Djinn/app/View/Pages/index.ctp" is missing.
#0 /Applications/MAMP/htdocs/Djinn/lib/Cake/View/View.php(472): View->_getViewFileName(NULL)
#1 /Applications/MAMP/htdocs/Djinn/lib/Cake/Controller/Controller.php(957): View->render(NULL, NULL)
#2 /Applications/MAMP/htdocs/Djinn/lib/Cake/Routing/Dispatcher.php(193): Controller->render()
#3 /Applications/MAMP/htdocs/Djinn/lib/Cake/Routing/Dispatcher.php(161): Dispatcher->_invoke(Object(PagesController), Object(CakeRequest), Object(CakeResponse))
#4 /Applications/MAMP/htdocs/Djinn/app/webroot/index.php(92): Dispatcher->dispatch(Object(CakeRequest), Object(CakeResponse))
#5 {main}
2012-07-06 14:07:13 Error: [MissingViewException] View file "/Applications/MAMP/htdocs/Djinn/app/View/Pages/index.ctp" is missing.
#0 /Applications/MAMP/htdocs/Djinn/lib/Cake/View/View.php(472): View->_getViewFileName(NULL)
#1 /Applications/MAMP/htdocs/Djinn/lib/Cake/Controller/Controller.php(957): View->render(NULL, NULL)
#2 /Applications/MAMP/htdocs/Djinn/lib/Cake/Routing/Dispatcher.php(193): Controller->render()
#3 /Applications/MAMP/htdocs/Djinn/lib/Cake/Routing/Dispatcher.php(161): Dispatcher->_invoke(Object(PagesController), Object(CakeRequest), Object(CakeResponse))
#4 /Applications/MAMP/htdocs/Djinn/app/webroot/index.php(92): Dispatcher->dispatch(Object(CakeRequest), Object(CakeResponse))
#5 {main}
2012-07-06 14:07:14 Error: [MissingViewException] View file "/Applications/MAMP/htdocs/Djinn/app/View/Pages/index.ctp" is missing.
#0 /Applications/MAMP/htdocs/Djinn/lib/Cake/View/View.php(472): View->_getViewFileName(NULL)
#1 /Applications/MAMP/htdocs/Djinn/lib/Cake/Controller/Controller.php(957): View->render(NULL, NULL)
#2 /Applications/MAMP/htdocs/Djinn/lib/Cake/Routing/Dispatcher.php(193): Controller->render()
#3 /Applications/MAMP/htdocs/Djinn/lib/Cake/Routing/Dispatcher.php(161): Dispatcher->_invoke(Object(PagesController), Object(CakeRequest), Object(CakeResponse))
#4 /Applications/MAMP/htdocs/Djinn/app/webroot/index.php(92): Dispatcher->dispatch(Object(CakeRequest), Object(CakeResponse))
#5 {main}
2012-07-06 14:08:30 Error: [MissingViewException] View file "/Applications/MAMP/htdocs/Djinn/app/View/Pages/index.ctp" is missing.
#0 /Applications/MAMP/htdocs/Djinn/lib/Cake/View/View.php(472): View->_getViewFileName(NULL)
#1 /Applications/MAMP/htdocs/Djinn/lib/Cake/Controller/Controller.php(957): View->render(NULL, NULL)
#2 /Applications/MAMP/htdocs/Djinn/lib/Cake/Routing/Dispatcher.php(193): Controller->render()
#3 /Applications/MAMP/htdocs/Djinn/lib/Cake/Routing/Dispatcher.php(161): Dispatcher->_invoke(Object(PagesController), Object(CakeRequest), Object(CakeResponse))
#4 /Applications/MAMP/htdocs/Djinn/app/webroot/index.php(92): Dispatcher->dispatch(Object(CakeRequest), Object(CakeResponse))
#5 {main}
2012-07-06 14:08:30 Error: [MissingViewException] View file "/Applications/MAMP/htdocs/Djinn/app/View/Pages/index.ctp" is missing.
#0 /Applications/MAMP/htdocs/Djinn/lib/Cake/View/View.php(472): View->_getViewFileName(NULL)
#1 /Applications/MAMP/htdocs/Djinn/lib/Cake/Controller/Controller.php(957): View->render(NULL, NULL)
#2 /Applications/MAMP/htdocs/Djinn/lib/Cake/Routing/Dispatcher.php(193): Controller->render()
#3 /Applications/MAMP/htdocs/Djinn/lib/Cake/Routing/Dispatcher.php(161): Dispatcher->_invoke(Object(PagesController), Object(CakeRequest), Object(CakeResponse))
#4 /Applications/MAMP/htdocs/Djinn/app/webroot/index.php(92): Dispatcher->dispatch(Object(CakeRequest), Object(CakeResponse))
#5 {main}
2012-07-06 14:08:40 Error: [MissingViewException] View file "/Applications/MAMP/htdocs/Djinn/app/View/Pages/index.ctp" is missing.
#0 /Applications/MAMP/htdocs/Djinn/lib/Cake/View/View.php(472): View->_getViewFileName(NULL)
#1 /Applications/MAMP/htdocs/Djinn/lib/Cake/Controller/Controller.php(957): View->render(NULL, NULL)
#2 /Applications/MAMP/htdocs/Djinn/lib/Cake/Routing/Dispatcher.php(193): Controller->render()
#3 /Applications/MAMP/htdocs/Djinn/lib/Cake/Routing/Dispatcher.php(161): Dispatcher->_invoke(Object(PagesController), Object(CakeRequest), Object(CakeResponse))
#4 /Applications/MAMP/htdocs/Djinn/app/webroot/index.php(92): Dispatcher->dispatch(Object(CakeRequest), Object(CakeResponse))
#5 {main}
2012-07-06 14:08:40 Error: [MissingViewException] View file "/Applications/MAMP/htdocs/Djinn/app/View/Pages/index.ctp" is missing.
#0 /Applications/MAMP/htdocs/Djinn/lib/Cake/View/View.php(472): View->_getViewFileName(NULL)
#1 /Applications/MAMP/htdocs/Djinn/lib/Cake/Controller/Controller.php(957): View->render(NULL, NULL)
#2 /Applications/MAMP/htdocs/Djinn/lib/Cake/Routing/Dispatcher.php(193): Controller->render()
#3 /Applications/MAMP/htdocs/Djinn/lib/Cake/Routing/Dispatcher.php(161): Dispatcher->_invoke(Object(PagesController), Object(CakeRequest), Object(CakeResponse))
#4 /Applications/MAMP/htdocs/Djinn/app/webroot/index.php(92): Dispatcher->dispatch(Object(CakeRequest), Object(CakeResponse))
#5 {main}
2012-07-06 14:09:50 Error: [MissingViewException] View file "/Applications/MAMP/htdocs/Djinn/app/View/Pages/index.ctp" is missing.
#0 /Applications/MAMP/htdocs/Djinn/lib/Cake/View/View.php(472): View->_getViewFileName(NULL)
#1 /Applications/MAMP/htdocs/Djinn/lib/Cake/Controller/Controller.php(957): View->render(NULL, NULL)
#2 /Applications/MAMP/htdocs/Djinn/lib/Cake/Routing/Dispatcher.php(193): Controller->render()
#3 /Applications/MAMP/htdocs/Djinn/lib/Cake/Routing/Dispatcher.php(161): Dispatcher->_invoke(Object(PagesController), Object(CakeRequest), Object(CakeResponse))
#4 /Applications/MAMP/htdocs/Djinn/app/webroot/index.php(92): Dispatcher->dispatch(Object(CakeRequest), Object(CakeResponse))
#5 {main}
2012-07-06 14:13:31 Error: [MissingViewException] View file "/Applications/MAMP/htdocs/Djinn/app/View/Pages/index.ctp" is missing.
#0 /Applications/MAMP/htdocs/Djinn/lib/Cake/View/View.php(472): View->_getViewFileName(NULL)
#1 /Applications/MAMP/htdocs/Djinn/lib/Cake/Controller/Controller.php(957): View->render(NULL, NULL)
#2 /Applications/MAMP/htdocs/Djinn/lib/Cake/Routing/Dispatcher.php(193): Controller->render()
#3 /Applications/MAMP/htdocs/Djinn/lib/Cake/Routing/Dispatcher.php(161): Dispatcher->_invoke(Object(PagesController), Object(CakeRequest), Object(CakeResponse))
#4 /Applications/MAMP/htdocs/Djinn/app/webroot/index.php(92): Dispatcher->dispatch(Object(CakeRequest), Object(CakeResponse))
#5 {main}
2012-07-06 14:14:05 Error: [MissingViewException] View file "/Applications/MAMP/htdocs/Djinn/app/View/Pages/index.ctp" is missing.
#0 /Applications/MAMP/htdocs/Djinn/lib/Cake/View/View.php(472): View->_getViewFileName(NULL)
#1 /Applications/MAMP/htdocs/Djinn/lib/Cake/Controller/Controller.php(957): View->render(NULL, NULL)
#2 /Applications/MAMP/htdocs/Djinn/lib/Cake/Routing/Dispatcher.php(193): Controller->render()
#3 /Applications/MAMP/htdocs/Djinn/lib/Cake/Routing/Dispatcher.php(161): Dispatcher->_invoke(Object(PagesController), Object(CakeRequest), Object(CakeResponse))
#4 /Applications/MAMP/htdocs/Djinn/app/webroot/index.php(92): Dispatcher->dispatch(Object(CakeRequest), Object(CakeResponse))
#5 {main}
2012-07-06 14:14:05 Error: [MissingControllerException] Controller class CssController could not be found.
#0 /Applications/MAMP/htdocs/Djinn/app/webroot/index.php(92): Dispatcher->dispatch(Object(CakeRequest), Object(CakeResponse))
#1 {main}
2012-07-06 14:14:16 Error: [MissingViewException] View file "/Applications/MAMP/htdocs/Djinn/app/View/Pages/index.ctp" is missing.
#0 /Applications/MAMP/htdocs/Djinn/lib/Cake/View/View.php(472): View->_getViewFileName(NULL)
#1 /Applications/MAMP/htdocs/Djinn/lib/Cake/Controller/Controller.php(957): View->render(NULL, NULL)
#2 /Applications/MAMP/htdocs/Djinn/lib/Cake/Routing/Dispatcher.php(193): Controller->render()
#3 /Applications/MAMP/htdocs/Djinn/lib/Cake/Routing/Dispatcher.php(161): Dispatcher->_invoke(Object(PagesController), Object(CakeRequest), Object(CakeResponse))
#4 /Applications/MAMP/htdocs/Djinn/app/webroot/index.php(92): Dispatcher->dispatch(Object(CakeRequest), Object(CakeResponse))
#5 {main}
2012-07-06 14:15:30 Error: [MissingViewException] View file "/Applications/MAMP/htdocs/Djinn/app/View/Pages/index.ctp" is missing.
#0 /Applications/MAMP/htdocs/Djinn/lib/Cake/View/View.php(472): View->_getViewFileName(NULL)
#1 /Applications/MAMP/htdocs/Djinn/lib/Cake/Controller/Controller.php(957): View->render(NULL, NULL)
#2 /Applications/MAMP/htdocs/Djinn/lib/Cake/Routing/Dispatcher.php(193): Controller->render()
#3 /Applications/MAMP/htdocs/Djinn/lib/Cake/Routing/Dispatcher.php(161): Dispatcher->_invoke(Object(PagesController), Object(CakeRequest), Object(CakeResponse))
#4 /Applications/MAMP/htdocs/Djinn/app/webroot/index.php(92): Dispatcher->dispatch(Object(CakeRequest), Object(CakeResponse))
#5 {main}
2012-07-06 14:16:56 Error: [MissingViewException] View file "/Applications/MAMP/htdocs/Djinn/app/View/Pages/index.ctp" is missing.
#0 /Applications/MAMP/htdocs/Djinn/lib/Cake/View/View.php(472): View->_getViewFileName(NULL)
#1 /Applications/MAMP/htdocs/Djinn/lib/Cake/Controller/Controller.php(957): View->render(NULL, NULL)
#2 /Applications/MAMP/htdocs/Djinn/lib/Cake/Routing/Dispatcher.php(193): Controller->render()
#3 /Applications/MAMP/htdocs/Djinn/lib/Cake/Routing/Dispatcher.php(161): Dispatcher->_invoke(Object(PagesController), Object(CakeRequest), Object(CakeResponse))
#4 /Applications/MAMP/htdocs/Djinn/app/webroot/index.php(92): Dispatcher->dispatch(Object(CakeRequest), Object(CakeResponse))
#5 {main}
2012-07-06 14:17:19 Error: [MissingViewException] View file "/Applications/MAMP/htdocs/Djinn/app/View/Pages/index.ctp" is missing.
#0 /Applications/MAMP/htdocs/Djinn/lib/Cake/View/View.php(472): View->_getViewFileName(NULL)
#1 /Applications/MAMP/htdocs/Djinn/lib/Cake/Controller/Controller.php(957): View->render(NULL, NULL)
#2 /Applications/MAMP/htdocs/Djinn/lib/Cake/Routing/Dispatcher.php(193): Controller->render()
#3 /Applications/MAMP/htdocs/Djinn/lib/Cake/Routing/Dispatcher.php(161): Dispatcher->_invoke(Object(PagesController), Object(CakeRequest), Object(CakeResponse))
#4 /Applications/MAMP/htdocs/Djinn/app/webroot/index.php(92): Dispatcher->dispatch(Object(CakeRequest), Object(CakeResponse))
#5 {main}
2012-07-06 14:17:39 Error: [MissingViewException] View file "/Applications/MAMP/htdocs/Djinn/app/View/Pages/index.ctp" is missing.
#0 /Applications/MAMP/htdocs/Djinn/lib/Cake/View/View.php(472): View->_getViewFileName(NULL)
#1 /Applications/MAMP/htdocs/Djinn/lib/Cake/Controller/Controller.php(957): View->render(NULL, NULL)
#2 /Applications/MAMP/htdocs/Djinn/lib/Cake/Routing/Dispatcher.php(193): Controller->render()
#3 /Applications/MAMP/htdocs/Djinn/lib/Cake/Routing/Dispatcher.php(161): Dispatcher->_invoke(Object(PagesController), Object(CakeRequest), Object(CakeResponse))
#4 /Applications/MAMP/htdocs/Djinn/app/webroot/index.php(92): Dispatcher->dispatch(Object(CakeRequest), Object(CakeResponse))
#5 {main}
2012-07-06 14:17:59 Error: [MissingViewException] View file "/Applications/MAMP/htdocs/Djinn/app/View/Pages/index.ctp" is missing.
#0 /Applications/MAMP/htdocs/Djinn/lib/Cake/View/View.php(472): View->_getViewFileName(NULL)
#1 /Applications/MAMP/htdocs/Djinn/lib/Cake/Controller/Controller.php(957): View->render(NULL, NULL)
#2 /Applications/MAMP/htdocs/Djinn/lib/Cake/Routing/Dispatcher.php(193): Controller->render()
#3 /Applications/MAMP/htdocs/Djinn/lib/Cake/Routing/Dispatcher.php(161): Dispatcher->_invoke(Object(PagesController), Object(CakeRequest), Object(CakeResponse))
#4 /Applications/MAMP/htdocs/Djinn/app/webroot/index.php(92): Dispatcher->dispatch(Object(CakeRequest), Object(CakeResponse))
#5 {main}
2012-07-06 14:19:23 Error: [MissingViewException] View file "/Applications/MAMP/htdocs/Djinn/app/View/Pages/index.ctp" is missing.
#0 /Applications/MAMP/htdocs/Djinn/lib/Cake/View/View.php(472): View->_getViewFileName(NULL)
#1 /Applications/MAMP/htdocs/Djinn/lib/Cake/Controller/Controller.php(957): View->render(NULL, NULL)
#2 /Applications/MAMP/htdocs/Djinn/lib/Cake/Routing/Dispatcher.php(193): Controller->render()
#3 /Applications/MAMP/htdocs/Djinn/lib/Cake/Routing/Dispatcher.php(161): Dispatcher->_invoke(Object(PagesController), Object(CakeRequest), Object(CakeResponse))
#4 /Applications/MAMP/htdocs/Djinn/app/webroot/index.php(92): Dispatcher->dispatch(Object(CakeRequest), Object(CakeResponse))
#5 {main}
2012-07-06 14:21:23 Error: [MissingViewException] View file "/Applications/MAMP/htdocs/Djinn/app/View/Pages/index.ctp" is missing.
#0 /Applications/MAMP/htdocs/Djinn/lib/Cake/View/View.php(472): View->_getViewFileName(NULL)
#1 /Applications/MAMP/htdocs/Djinn/lib/Cake/Controller/Controller.php(957): View->render(NULL, NULL)
#2 /Applications/MAMP/htdocs/Djinn/lib/Cake/Routing/Dispatcher.php(193): Controller->render()
#3 /Applications/MAMP/htdocs/Djinn/lib/Cake/Routing/Dispatcher.php(161): Dispatcher->_invoke(Object(PagesController), Object(CakeRequest), Object(CakeResponse))
#4 /Applications/MAMP/htdocs/Djinn/app/webroot/index.php(92): Dispatcher->dispatch(Object(CakeRequest), Object(CakeResponse))
#5 {main}
2012-07-06 14:22:22 Error: [MissingViewException] View file "/Applications/MAMP/htdocs/Djinn/app/View/Pages/index.ctp" is missing.
#0 /Applications/MAMP/htdocs/Djinn/lib/Cake/View/View.php(472): View->_getViewFileName(NULL)
#1 /Applications/MAMP/htdocs/Djinn/lib/Cake/Controller/Controller.php(957): View->render(NULL, NULL)
#2 /Applications/MAMP/htdocs/Djinn/lib/Cake/Routing/Dispatcher.php(193): Controller->render()
#3 /Applications/MAMP/htdocs/Djinn/lib/Cake/Routing/Dispatcher.php(161): Dispatcher->_invoke(Object(PagesController), Object(CakeRequest), Object(CakeResponse))
#4 /Applications/MAMP/htdocs/Djinn/app/webroot/index.php(92): Dispatcher->dispatch(Object(CakeRequest), Object(CakeResponse))
#5 {main}
2012-07-06 14:22:58 Error: [MissingViewException] View file "/Applications/MAMP/htdocs/Djinn/app/View/Pages/index.ctp" is missing.
#0 /Applications/MAMP/htdocs/Djinn/lib/Cake/View/View.php(472): View->_getViewFileName(NULL)
#1 /Applications/MAMP/htdocs/Djinn/lib/Cake/Controller/Controller.php(957): View->render(NULL, NULL)
#2 /Applications/MAMP/htdocs/Djinn/lib/Cake/Routing/Dispatcher.php(193): Controller->render()
#3 /Applications/MAMP/htdocs/Djinn/lib/Cake/Routing/Dispatcher.php(161): Dispatcher->_invoke(Object(PagesController), Object(CakeRequest), Object(CakeResponse))
#4 /Applications/MAMP/htdocs/Djinn/app/webroot/index.php(92): Dispatcher->dispatch(Object(CakeRequest), Object(CakeResponse))
#5 {main}
2012-07-06 14:23:50 Error: [MissingViewException] View file "/Applications/MAMP/htdocs/Djinn/app/View/Pages/index.ctp" is missing.
#0 /Applications/MAMP/htdocs/Djinn/lib/Cake/View/View.php(472): View->_getViewFileName(NULL)
#1 /Applications/MAMP/htdocs/Djinn/lib/Cake/Controller/Controller.php(957): View->render(NULL, NULL)
#2 /Applications/MAMP/htdocs/Djinn/lib/Cake/Routing/Dispatcher.php(193): Controller->render()
#3 /Applications/MAMP/htdocs/Djinn/lib/Cake/Routing/Dispatcher.php(161): Dispatcher->_invoke(Object(PagesController), Object(CakeRequest), Object(CakeResponse))
#4 /Applications/MAMP/htdocs/Djinn/app/webroot/index.php(92): Dispatcher->dispatch(Object(CakeRequest), Object(CakeResponse))
#5 {main}
2012-07-06 14:28:13 Error: [MissingViewException] View file "/Applications/MAMP/htdocs/Djinn/app/View/Pages/index.ctp" is missing.
#0 /Applications/MAMP/htdocs/Djinn/lib/Cake/View/View.php(472): View->_getViewFileName(NULL)
#1 /Applications/MAMP/htdocs/Djinn/lib/Cake/Controller/Controller.php(957): View->render(NULL, NULL)
#2 /Applications/MAMP/htdocs/Djinn/lib/Cake/Routing/Dispatcher.php(193): Controller->render()
#3 /Applications/MAMP/htdocs/Djinn/lib/Cake/Routing/Dispatcher.php(161): Dispatcher->_invoke(Object(PagesController), Object(CakeRequest), Object(CakeResponse))
#4 /Applications/MAMP/htdocs/Djinn/app/webroot/index.php(92): Dispatcher->dispatch(Object(CakeRequest), Object(CakeResponse))
#5 {main}
2012-07-06 14:29:18 Error: [MissingViewException] View file "/Applications/MAMP/htdocs/Djinn/app/View/Pages/index.ctp" is missing.
#0 /Applications/MAMP/htdocs/Djinn/lib/Cake/View/View.php(472): View->_getViewFileName(NULL)
#1 /Applications/MAMP/htdocs/Djinn/lib/Cake/Controller/Controller.php(957): View->render(NULL, NULL)
#2 /Applications/MAMP/htdocs/Djinn/lib/Cake/Routing/Dispatcher.php(193): Controller->render()
#3 /Applications/MAMP/htdocs/Djinn/lib/Cake/Routing/Dispatcher.php(161): Dispatcher->_invoke(Object(PagesController), Object(CakeRequest), Object(CakeResponse))
#4 /Applications/MAMP/htdocs/Djinn/app/webroot/index.php(92): Dispatcher->dispatch(Object(CakeRequest), Object(CakeResponse))
#5 {main}
2012-07-06 14:29:47 Error: [MissingViewException] View file "/Applications/MAMP/htdocs/Djinn/app/View/Pages/index.ctp" is missing.
#0 /Applications/MAMP/htdocs/Djinn/lib/Cake/View/View.php(472): View->_getViewFileName(NULL)
#1 /Applications/MAMP/htdocs/Djinn/lib/Cake/Controller/Controller.php(957): View->render(NULL, NULL)
#2 /Applications/MAMP/htdocs/Djinn/lib/Cake/Routing/Dispatcher.php(193): Controller->render()
#3 /Applications/MAMP/htdocs/Djinn/lib/Cake/Routing/Dispatcher.php(161): Dispatcher->_invoke(Object(PagesController), Object(CakeRequest), Object(CakeResponse))
#4 /Applications/MAMP/htdocs/Djinn/app/webroot/index.php(92): Dispatcher->dispatch(Object(CakeRequest), Object(CakeResponse))
#5 {main}
2012-07-06 14:30:20 Error: [MissingViewException] View file "/Applications/MAMP/htdocs/Djinn/app/View/Pages/index.ctp" is missing.
#0 /Applications/MAMP/htdocs/Djinn/lib/Cake/View/View.php(472): View->_getViewFileName(NULL)
#1 /Applications/MAMP/htdocs/Djinn/lib/Cake/Controller/Controller.php(957): View->render(NULL, NULL)
#2 /Applications/MAMP/htdocs/Djinn/lib/Cake/Routing/Dispatcher.php(193): Controller->render()
#3 /Applications/MAMP/htdocs/Djinn/lib/Cake/Routing/Dispatcher.php(161): Dispatcher->_invoke(Object(PagesController), Object(CakeRequest), Object(CakeResponse))
#4 /Applications/MAMP/htdocs/Djinn/app/webroot/index.php(92): Dispatcher->dispatch(Object(CakeRequest), Object(CakeResponse))
#5 {main}
2012-07-06 14:30:41 Error: [MissingViewException] View file "/Applications/MAMP/htdocs/Djinn/app/View/Pages/index.ctp" is missing.
#0 /Applications/MAMP/htdocs/Djinn/lib/Cake/View/View.php(472): View->_getViewFileName(NULL)
#1 /Applications/MAMP/htdocs/Djinn/lib/Cake/Controller/Controller.php(957): View->render(NULL, NULL)
#2 /Applications/MAMP/htdocs/Djinn/lib/Cake/Routing/Dispatcher.php(193): Controller->render()
#3 /Applications/MAMP/htdocs/Djinn/lib/Cake/Routing/Dispatcher.php(161): Dispatcher->_invoke(Object(PagesController), Object(CakeRequest), Object(CakeResponse))
#4 /Applications/MAMP/htdocs/Djinn/app/webroot/index.php(92): Dispatcher->dispatch(Object(CakeRequest), Object(CakeResponse))
#5 {main}
2012-07-06 14:32:07 Error: [MissingViewException] View file "/Applications/MAMP/htdocs/Djinn/app/View/Pages/index.ctp" is missing.
#0 /Applications/MAMP/htdocs/Djinn/lib/Cake/View/View.php(472): View->_getViewFileName(NULL)
#1 /Applications/MAMP/htdocs/Djinn/lib/Cake/Controller/Controller.php(957): View->render(NULL, NULL)
#2 /Applications/MAMP/htdocs/Djinn/lib/Cake/Routing/Dispatcher.php(193): Controller->render()
#3 /Applications/MAMP/htdocs/Djinn/lib/Cake/Routing/Dispatcher.php(161): Dispatcher->_invoke(Object(PagesController), Object(CakeRequest), Object(CakeResponse))
#4 /Applications/MAMP/htdocs/Djinn/app/webroot/index.php(92): Dispatcher->dispatch(Object(CakeRequest), Object(CakeResponse))
#5 {main}
2012-07-06 14:32:36 Error: [MissingViewException] View file "/Applications/MAMP/htdocs/Djinn/app/View/Pages/index.ctp" is missing.
#0 /Applications/MAMP/htdocs/Djinn/lib/Cake/View/View.php(472): View->_getViewFileName(NULL)
#1 /Applications/MAMP/htdocs/Djinn/lib/Cake/Controller/Controller.php(957): View->render(NULL, NULL)
#2 /Applications/MAMP/htdocs/Djinn/lib/Cake/Routing/Dispatcher.php(193): Controller->render()
#3 /Applications/MAMP/htdocs/Djinn/lib/Cake/Routing/Dispatcher.php(161): Dispatcher->_invoke(Object(PagesController), Object(CakeRequest), Object(CakeResponse))
#4 /Applications/MAMP/htdocs/Djinn/app/webroot/index.php(92): Dispatcher->dispatch(Object(CakeRequest), Object(CakeResponse))
#5 {main}
2012-07-06 14:34:21 Error: [MissingViewException] View file "/Applications/MAMP/htdocs/Djinn/app/View/Pages/index.ctp" is missing.
#0 /Applications/MAMP/htdocs/Djinn/lib/Cake/View/View.php(472): View->_getViewFileName(NULL)
#1 /Applications/MAMP/htdocs/Djinn/lib/Cake/Controller/Controller.php(957): View->render(NULL, NULL)
#2 /Applications/MAMP/htdocs/Djinn/lib/Cake/Routing/Dispatcher.php(193): Controller->render()
#3 /Applications/MAMP/htdocs/Djinn/lib/Cake/Routing/Dispatcher.php(161): Dispatcher->_invoke(Object(PagesController), Object(CakeRequest), Object(CakeResponse))
#4 /Applications/MAMP/htdocs/Djinn/app/webroot/index.php(92): Dispatcher->dispatch(Object(CakeRequest), Object(CakeResponse))
#5 {main}
2012-07-06 14:35:51 Error: [MissingViewException] View file "/Applications/MAMP/htdocs/Djinn/app/View/Pages/index.ctp" is missing.
#0 /Applications/MAMP/htdocs/Djinn/lib/Cake/View/View.php(472): View->_getViewFileName(NULL)
#1 /Applications/MAMP/htdocs/Djinn/lib/Cake/Controller/Controller.php(957): View->render(NULL, NULL)
#2 /Applications/MAMP/htdocs/Djinn/lib/Cake/Routing/Dispatcher.php(193): Controller->render()
#3 /Applications/MAMP/htdocs/Djinn/lib/Cake/Routing/Dispatcher.php(161): Dispatcher->_invoke(Object(PagesController), Object(CakeRequest), Object(CakeResponse))
#4 /Applications/MAMP/htdocs/Djinn/app/webroot/index.php(92): Dispatcher->dispatch(Object(CakeRequest), Object(CakeResponse))
#5 {main}
2012-07-06 14:37:45 Error: [MissingViewException] View file "/Applications/MAMP/htdocs/Djinn/app/View/Pages/index.ctp" is missing.
#0 /Applications/MAMP/htdocs/Djinn/lib/Cake/View/View.php(472): View->_getViewFileName(NULL)
#1 /Applications/MAMP/htdocs/Djinn/lib/Cake/Controller/Controller.php(957): View->render(NULL, NULL)
#2 /Applications/MAMP/htdocs/Djinn/lib/Cake/Routing/Dispatcher.php(193): Controller->render()
#3 /Applications/MAMP/htdocs/Djinn/lib/Cake/Routing/Dispatcher.php(161): Dispatcher->_invoke(Object(PagesController), Object(CakeRequest), Object(CakeResponse))
#4 /Applications/MAMP/htdocs/Djinn/app/webroot/index.php(92): Dispatcher->dispatch(Object(CakeRequest), Object(CakeResponse))
#5 {main}
2012-07-06 14:38:37 Error: [MissingViewException] View file "/Applications/MAMP/htdocs/Djinn/app/View/Pages/index.ctp" is missing.
#0 /Applications/MAMP/htdocs/Djinn/lib/Cake/View/View.php(472): View->_getViewFileName(NULL)
#1 /Applications/MAMP/htdocs/Djinn/lib/Cake/Controller/Controller.php(957): View->render(NULL, NULL)
#2 /Applications/MAMP/htdocs/Djinn/lib/Cake/Routing/Dispatcher.php(193): Controller->render()
#3 /Applications/MAMP/htdocs/Djinn/lib/Cake/Routing/Dispatcher.php(161): Dispatcher->_invoke(Object(PagesController), Object(CakeRequest), Object(CakeResponse))
#4 /Applications/MAMP/htdocs/Djinn/app/webroot/index.php(92): Dispatcher->dispatch(Object(CakeRequest), Object(CakeResponse))
#5 {main}
2012-07-06 14:38:57 Error: [MissingViewException] View file "/Applications/MAMP/htdocs/Djinn/app/View/Pages/index.ctp" is missing.
#0 /Applications/MAMP/htdocs/Djinn/lib/Cake/View/View.php(472): View->_getViewFileName(NULL)
#1 /Applications/MAMP/htdocs/Djinn/lib/Cake/Controller/Controller.php(957): View->render(NULL, NULL)
#2 /Applications/MAMP/htdocs/Djinn/lib/Cake/Routing/Dispatcher.php(193): Controller->render()
#3 /Applications/MAMP/htdocs/Djinn/lib/Cake/Routing/Dispatcher.php(161): Dispatcher->_invoke(Object(PagesController), Object(CakeRequest), Object(CakeResponse))
#4 /Applications/MAMP/htdocs/Djinn/app/webroot/index.php(92): Dispatcher->dispatch(Object(CakeRequest), Object(CakeResponse))
#5 {main}
2012-07-06 14:39:41 Error: [MissingViewException] View file "/Applications/MAMP/htdocs/Djinn/app/View/Pages/index.ctp" is missing.
#0 /Applications/MAMP/htdocs/Djinn/lib/Cake/View/View.php(472): View->_getViewFileName(NULL)
#1 /Applications/MAMP/htdocs/Djinn/lib/Cake/Controller/Controller.php(957): View->render(NULL, NULL)
#2 /Applications/MAMP/htdocs/Djinn/lib/Cake/Routing/Dispatcher.php(193): Controller->render()
#3 /Applications/MAMP/htdocs/Djinn/lib/Cake/Routing/Dispatcher.php(161): Dispatcher->_invoke(Object(PagesController), Object(CakeRequest), Object(CakeResponse))
#4 /Applications/MAMP/htdocs/Djinn/app/webroot/index.php(92): Dispatcher->dispatch(Object(CakeRequest), Object(CakeResponse))
#5 {main}
2012-07-06 14:41:45 Error: [MissingViewException] View file "/Applications/MAMP/htdocs/Djinn/app/View/Pages/index.ctp" is missing.
#0 /Applications/MAMP/htdocs/Djinn/lib/Cake/View/View.php(472): View->_getViewFileName(NULL)
#1 /Applications/MAMP/htdocs/Djinn/lib/Cake/Controller/Controller.php(957): View->render(NULL, NULL)
#2 /Applications/MAMP/htdocs/Djinn/lib/Cake/Routing/Dispatcher.php(193): Controller->render()
#3 /Applications/MAMP/htdocs/Djinn/lib/Cake/Routing/Dispatcher.php(161): Dispatcher->_invoke(Object(PagesController), Object(CakeRequest), Object(CakeResponse))
#4 /Applications/MAMP/htdocs/Djinn/app/webroot/index.php(92): Dispatcher->dispatch(Object(CakeRequest), Object(CakeResponse))
#5 {main}
2012-07-06 14:43:28 Error: [MissingViewException] View file "/Applications/MAMP/htdocs/Djinn/app/View/Pages/index.ctp" is missing.
#0 /Applications/MAMP/htdocs/Djinn/lib/Cake/View/View.php(472): View->_getViewFileName(NULL)
#1 /Applications/MAMP/htdocs/Djinn/lib/Cake/Controller/Controller.php(957): View->render(NULL, NULL)
#2 /Applications/MAMP/htdocs/Djinn/lib/Cake/Routing/Dispatcher.php(193): Controller->render()
#3 /Applications/MAMP/htdocs/Djinn/lib/Cake/Routing/Dispatcher.php(161): Dispatcher->_invoke(Object(PagesController), Object(CakeRequest), Object(CakeResponse))
#4 /Applications/MAMP/htdocs/Djinn/app/webroot/index.php(92): Dispatcher->dispatch(Object(CakeRequest), Object(CakeResponse))
#5 {main}
2012-07-06 14:45:28 Error: [MissingViewException] View file "/Applications/MAMP/htdocs/Djinn/app/View/Pages/index.ctp" is missing.
#0 /Applications/MAMP/htdocs/Djinn/lib/Cake/View/View.php(472): View->_getViewFileName(NULL)
#1 /Applications/MAMP/htdocs/Djinn/lib/Cake/Controller/Controller.php(957): View->render(NULL, NULL)
#2 /Applications/MAMP/htdocs/Djinn/lib/Cake/Routing/Dispatcher.php(193): Controller->render()
#3 /Applications/MAMP/htdocs/Djinn/lib/Cake/Routing/Dispatcher.php(161): Dispatcher->_invoke(Object(PagesController), Object(CakeRequest), Object(CakeResponse))
#4 /Applications/MAMP/htdocs/Djinn/app/webroot/index.php(92): Dispatcher->dispatch(Object(CakeRequest), Object(CakeResponse))
#5 {main}
2012-07-06 14:47:19 Error: [MissingViewException] View file "/Applications/MAMP/htdocs/Djinn/app/View/Pages/index.ctp" is missing.
#0 /Applications/MAMP/htdocs/Djinn/lib/Cake/View/View.php(472): View->_getViewFileName(NULL)
#1 /Applications/MAMP/htdocs/Djinn/lib/Cake/Controller/Controller.php(957): View->render(NULL, NULL)
#2 /Applications/MAMP/htdocs/Djinn/lib/Cake/Routing/Dispatcher.php(193): Controller->render()
#3 /Applications/MAMP/htdocs/Djinn/lib/Cake/Routing/Dispatcher.php(161): Dispatcher->_invoke(Object(PagesController), Object(CakeRequest), Object(CakeResponse))
#4 /Applications/MAMP/htdocs/Djinn/app/webroot/index.php(92): Dispatcher->dispatch(Object(CakeRequest), Object(CakeResponse))
#5 {main}
2012-07-06 15:09:04 Error: [PDOException] SQLSTATE[42000]: Syntax error or access violation: 1064 You have an error in your SQL syntax; check the manual that corresponds to your MySQL server version for the right syntax to use near 'fing' at line 1
#0 /Applications/MAMP/htdocs/Djinn/lib/Cake/Model/Datasource/DboSource.php(461): PDOStatement->execute(Array)
#1 /Applications/MAMP/htdocs/Djinn/lib/Cake/Model/Datasource/DboSource.php(427): DboSource->_execute('fing', Array)
#2 /Applications/MAMP/htdocs/Djinn/lib/Cake/Model/Datasource/DboSource.php(671): DboSource->execute('fing', Array, Array)
#3 /Applications/MAMP/htdocs/Djinn/lib/Cake/Model/Datasource/DboSource.php(613): DboSource->fetchAll('fing', Array, Array)
#4 /Applications/MAMP/htdocs/Djinn/lib/Cake/Model/Model.php(784): DboSource->query('fing', Array, Object(AppModel))
#5 /Applications/MAMP/htdocs/Djinn/app/Controller/PagesController.php(13): Model->__call('fing', Array)
#6 /Applications/MAMP/htdocs/Djinn/app/Controller/PagesController.php(13): AppModel->fing('all', Array)
#7 [internal function]: PagesController->index()
#8 /Applications/MAMP/htdocs/Djinn/lib/Cake/Controller/Controller.php(485): ReflectionMethod->invokeArgs(Object(PagesController), Array)
#9 /Applications/MAMP/htdocs/Djinn/lib/Cake/Routing/Dispatcher.php(186): Controller->invokeAction(Object(CakeRequest))
#10 /Applications/MAMP/htdocs/Djinn/lib/Cake/Routing/Dispatcher.php(161): Dispatcher->_invoke(Object(PagesController), Object(CakeRequest), Object(CakeResponse))
#11 /Applications/MAMP/htdocs/Djinn/app/webroot/index.php(92): Dispatcher->dispatch(Object(CakeRequest), Object(CakeResponse))
#12 {main}
2012-07-06 15:10:13 Error: [PDOException] SQLSTATE[42000]: Syntax error or access violation: 1064 You have an error in your SQL syntax; check the manual that corresponds to your MySQL server version for the right syntax to use near 'fing' at line 1
#0 /Applications/MAMP/htdocs/Djinn/lib/Cake/Model/Datasource/DboSource.php(461): PDOStatement->execute(Array)
#1 /Applications/MAMP/htdocs/Djinn/lib/Cake/Model/Datasource/DboSource.php(427): DboSource->_execute('fing', Array)
#2 /Applications/MAMP/htdocs/Djinn/lib/Cake/Model/Datasource/DboSource.php(671): DboSource->execute('fing', Array, Array)
#3 /Applications/MAMP/htdocs/Djinn/lib/Cake/Model/Datasource/DboSource.php(613): DboSource->fetchAll('fing', Array, Array)
#4 /Applications/MAMP/htdocs/Djinn/lib/Cake/Model/Model.php(784): DboSource->query('fing', Array, Object(AppModel))
#5 /Applications/MAMP/htdocs/Djinn/app/Controller/PagesController.php(13): Model->__call('fing', Array)
#6 /Applications/MAMP/htdocs/Djinn/app/Controller/PagesController.php(13): AppModel->fing('all', Array)
#7 [internal function]: PagesController->index()
#8 /Applications/MAMP/htdocs/Djinn/lib/Cake/Controller/Controller.php(485): ReflectionMethod->invokeArgs(Object(PagesController), Array)
#9 /Applications/MAMP/htdocs/Djinn/lib/Cake/Routing/Dispatcher.php(186): Controller->invokeAction(Object(CakeRequest))
#10 /Applications/MAMP/htdocs/Djinn/lib/Cake/Routing/Dispatcher.php(161): Dispatcher->_invoke(Object(PagesController), Object(CakeRequest), Object(CakeResponse))
#11 /Applications/MAMP/htdocs/Djinn/app/webroot/index.php(92): Dispatcher->dispatch(Object(CakeRequest), Object(CakeResponse))
#12 {main}
2012-07-06 15:11:26 Error: [PDOException] SQLSTATE[42000]: Syntax error or access violation: 1064 You have an error in your SQL syntax; check the manual that corresponds to your MySQL server version for the right syntax to use near 'fing' at line 1
#0 /Applications/MAMP/htdocs/Djinn/lib/Cake/Model/Datasource/DboSource.php(461): PDOStatement->execute(Array)
#1 /Applications/MAMP/htdocs/Djinn/lib/Cake/Model/Datasource/DboSource.php(427): DboSource->_execute('fing', Array)
#2 /Applications/MAMP/htdocs/Djinn/lib/Cake/Model/Datasource/DboSource.php(671): DboSource->execute('fing', Array, Array)
#3 /Applications/MAMP/htdocs/Djinn/lib/Cake/Model/Datasource/DboSource.php(613): DboSource->fetchAll('fing', Array, Array)
#4 /Applications/MAMP/htdocs/Djinn/lib/Cake/Model/Model.php(784): DboSource->query('fing', Array, Object(AppModel))
#5 /Applications/MAMP/htdocs/Djinn/app/Controller/PagesController.php(10): Model->__call('fing', Array)
#6 /Applications/MAMP/htdocs/Djinn/app/Controller/PagesController.php(10): AppModel->fing('all', Array)
#7 [internal function]: PagesController->index()
#8 /Applications/MAMP/htdocs/Djinn/lib/Cake/Controller/Controller.php(485): ReflectionMethod->invokeArgs(Object(PagesController), Array)
#9 /Applications/MAMP/htdocs/Djinn/lib/Cake/Routing/Dispatcher.php(186): Controller->invokeAction(Object(CakeRequest))
#10 /Applications/MAMP/htdocs/Djinn/lib/Cake/Routing/Dispatcher.php(161): Dispatcher->_invoke(Object(PagesController), Object(CakeRequest), Object(CakeResponse))
#11 /Applications/MAMP/htdocs/Djinn/app/webroot/index.php(92): Dispatcher->dispatch(Object(CakeRequest), Object(CakeResponse))
#12 {main}
2012-07-06 15:13:56 Error: [PDOException] SQLSTATE[42000]: Syntax error or access violation: 1064 You have an error in your SQL syntax; check the manual that corresponds to your MySQL server version for the right syntax to use near 'fing' at line 1
#0 /Applications/MAMP/htdocs/Djinn/lib/Cake/Model/Datasource/DboSource.php(461): PDOStatement->execute(Array)
#1 /Applications/MAMP/htdocs/Djinn/lib/Cake/Model/Datasource/DboSource.php(427): DboSource->_execute('fing', Array)
#2 /Applications/MAMP/htdocs/Djinn/lib/Cake/Model/Datasource/DboSource.php(671): DboSource->execute('fing', Array, Array)
#3 /Applications/MAMP/htdocs/Djinn/lib/Cake/Model/Datasource/DboSource.php(613): DboSource->fetchAll('fing', Array, Array)
#4 /Applications/MAMP/htdocs/Djinn/lib/Cake/Model/Model.php(784): DboSource->query('fing', Array, Object(AppModel))
#5 /Applications/MAMP/htdocs/Djinn/app/Controller/PagesController.php(13): Model->__call('fing', Array)
#6 /Applications/MAMP/htdocs/Djinn/app/Controller/PagesController.php(13): AppModel->fing('all', Array)
#7 [internal function]: PagesController->index()
#8 /Applications/MAMP/htdocs/Djinn/lib/Cake/Controller/Controller.php(485): ReflectionMethod->invokeArgs(Object(PagesController), Array)
#9 /Applications/MAMP/htdocs/Djinn/lib/Cake/Routing/Dispatcher.php(186): Controller->invokeAction(Object(CakeRequest))
#10 /Applications/MAMP/htdocs/Djinn/lib/Cake/Routing/Dispatcher.php(161): Dispatcher->_invoke(Object(PagesController), Object(CakeRequest), Object(CakeResponse))
#11 /Applications/MAMP/htdocs/Djinn/app/webroot/index.php(92): Dispatcher->dispatch(Object(CakeRequest), Object(CakeResponse))
#12 {main}
2012-07-06 15:14:10 Error: [PDOException] SQLSTATE[42000]: Syntax error or access violation: 1064 You have an error in your SQL syntax; check the manual that corresponds to your MySQL server version for the right syntax to use near 'fing' at line 1
#0 /Applications/MAMP/htdocs/Djinn/lib/Cake/Model/Datasource/DboSource.php(461): PDOStatement->execute(Array)
#1 /Applications/MAMP/htdocs/Djinn/lib/Cake/Model/Datasource/DboSource.php(427): DboSource->_execute('fing', Array)
#2 /Applications/MAMP/htdocs/Djinn/lib/Cake/Model/Datasource/DboSource.php(671): DboSource->execute('fing', Array, Array)
#3 /Applications/MAMP/htdocs/Djinn/lib/Cake/Model/Datasource/DboSource.php(613): DboSource->fetchAll('fing', Array, Array)
#4 /Applications/MAMP/htdocs/Djinn/lib/Cake/Model/Model.php(784): DboSource->query('fing', Array, Object(AppModel))
#5 /Applications/MAMP/htdocs/Djinn/app/Controller/PagesController.php(13): Model->__call('fing', Array)
#6 /Applications/MAMP/htdocs/Djinn/app/Controller/PagesController.php(13): AppModel->fing('all', Array)
#7 [internal function]: PagesController->index()
#8 /Applications/MAMP/htdocs/Djinn/lib/Cake/Controller/Controller.php(485): ReflectionMethod->invokeArgs(Object(PagesController), Array)
#9 /Applications/MAMP/htdocs/Djinn/lib/Cake/Routing/Dispatcher.php(186): Controller->invokeAction(Object(CakeRequest))
#10 /Applications/MAMP/htdocs/Djinn/lib/Cake/Routing/Dispatcher.php(161): Dispatcher->_invoke(Object(PagesController), Object(CakeRequest), Object(CakeResponse))
#11 /Applications/MAMP/htdocs/Djinn/app/webroot/index.php(92): Dispatcher->dispatch(Object(CakeRequest), Object(CakeResponse))
#12 {main}
2012-07-06 15:17:02 Error: [MissingActionException] Action PagesController::show() could not be found.
#0 /Applications/MAMP/htdocs/Djinn/lib/Cake/Routing/Dispatcher.php(186): Controller->invokeAction(Object(CakeRequest))
#1 /Applications/MAMP/htdocs/Djinn/lib/Cake/Routing/Dispatcher.php(161): Dispatcher->_invoke(Object(PagesController), Object(CakeRequest), Object(CakeResponse))
#2 /Applications/MAMP/htdocs/Djinn/app/webroot/index.php(92): Dispatcher->dispatch(Object(CakeRequest), Object(CakeResponse))
#3 {main}
2012-07-06 15:17:02 Error: [MissingActionException] Action PagesController::show() could not be found.
#0 /Applications/MAMP/htdocs/Djinn/lib/Cake/Routing/Dispatcher.php(186): Controller->invokeAction(Object(CakeRequest))
#1 /Applications/MAMP/htdocs/Djinn/lib/Cake/Routing/Dispatcher.php(161): Dispatcher->_invoke(Object(PagesController), Object(CakeRequest), Object(CakeResponse))
#2 /Applications/MAMP/htdocs/Djinn/app/webroot/index.php(92): Dispatcher->dispatch(Object(CakeRequest), Object(CakeResponse))
#3 {main}
2012-07-06 15:17:03 Error: [MissingActionException] Action PagesController::show() could not be found.
#0 /Applications/MAMP/htdocs/Djinn/lib/Cake/Routing/Dispatcher.php(186): Controller->invokeAction(Object(CakeRequest))
#1 /Applications/MAMP/htdocs/Djinn/lib/Cake/Routing/Dispatcher.php(161): Dispatcher->_invoke(Object(PagesController), Object(CakeRequest), Object(CakeResponse))
#2 /Applications/MAMP/htdocs/Djinn/app/webroot/index.php(92): Dispatcher->dispatch(Object(CakeRequest), Object(CakeResponse))
#3 {main}
2012-07-06 15:20:26 Error: [MissingViewException] View file "/Applications/MAMP/htdocs/Djinn/app/View/Pages/show.ctp" is missing.
#0 /Applications/MAMP/htdocs/Djinn/lib/Cake/View/View.php(472): View->_getViewFileName(NULL)
#1 /Applications/MAMP/htdocs/Djinn/lib/Cake/Controller/Controller.php(957): View->render(NULL, NULL)
#2 /Applications/MAMP/htdocs/Djinn/lib/Cake/Routing/Dispatcher.php(193): Controller->render()
#3 /Applications/MAMP/htdocs/Djinn/lib/Cake/Routing/Dispatcher.php(161): Dispatcher->_invoke(Object(PagesController), Object(CakeRequest), Object(CakeResponse))
#4 /Applications/MAMP/htdocs/Djinn/app/webroot/index.php(92): Dispatcher->dispatch(Object(CakeRequest), Object(CakeResponse))
#5 {main}
2012-07-06 15:20:26 Error: [MissingControllerException] Controller class PageController could not be found.
#0 /Applications/MAMP/htdocs/Djinn/app/webroot/index.php(92): Dispatcher->dispatch(Object(CakeRequest), Object(CakeResponse))
#1 {main}
2012-07-06 15:20:27 Error: [MissingControllerException] Controller class PageController could not be found.
#0 /Applications/MAMP/htdocs/Djinn/app/webroot/index.php(92): Dispatcher->dispatch(Object(CakeRequest), Object(CakeResponse))
#1 {main}
2012-07-06 15:36:23 Error: [MissingViewException] View file "/Applications/MAMP/htdocs/Djinn/app/View/Pages/show.ctp" is missing.
#0 /Applications/MAMP/htdocs/Djinn/lib/Cake/View/View.php(472): View->_getViewFileName(NULL)
#1 /Applications/MAMP/htdocs/Djinn/lib/Cake/Controller/Controller.php(957): View->render(NULL, NULL)
#2 /Applications/MAMP/htdocs/Djinn/lib/Cake/Routing/Dispatcher.php(193): Controller->render()
#3 /Applications/MAMP/htdocs/Djinn/lib/Cake/Routing/Dispatcher.php(161): Dispatcher->_invoke(Object(PagesController), Object(CakeRequest), Object(CakeResponse))
#4 /Applications/MAMP/htdocs/Djinn/app/webroot/index.php(92): Dispatcher->dispatch(Object(CakeRequest), Object(CakeResponse))
#5 {main}
2012-07-06 15:36:23 Error: [MissingControllerException] Controller class PageController could not be found.
#0 /Applications/MAMP/htdocs/Djinn/app/webroot/index.php(92): Dispatcher->dispatch(Object(CakeRequest), Object(CakeResponse))
#1 {main}
2012-07-06 15:36:24 Error: [MissingControllerException] Controller class PageController could not be found.
#0 /Applications/MAMP/htdocs/Djinn/app/webroot/index.php(92): Dispatcher->dispatch(Object(CakeRequest), Object(CakeResponse))
#1 {main}
2012-07-06 15:57:19 Error: [MissingActionException] Action PagesController::index() could not be found.
#0 /Applications/MAMP/htdocs/Djinn/lib/Cake/Routing/Dispatcher.php(186): Controller->invokeAction(Object(CakeRequest))
#1 /Applications/MAMP/htdocs/Djinn/lib/Cake/Routing/Dispatcher.php(161): Dispatcher->_invoke(Object(PagesController), Object(CakeRequest), Object(CakeResponse))
#2 /Applications/MAMP/htdocs/Djinn/app/webroot/index.php(92): Dispatcher->dispatch(Object(CakeRequest), Object(CakeResponse))
#3 {main}
2012-07-06 15:58:25 Error: [MissingActionException] Action PagesController::index() could not be found.
#0 /Applications/MAMP/htdocs/Djinn/lib/Cake/Routing/Dispatcher.php(186): Controller->invokeAction(Object(CakeRequest))
#1 /Applications/MAMP/htdocs/Djinn/lib/Cake/Routing/Dispatcher.php(161): Dispatcher->_invoke(Object(PagesController), Object(CakeRequest), Object(CakeResponse))
#2 /Applications/MAMP/htdocs/Djinn/app/webroot/index.php(92): Dispatcher->dispatch(Object(CakeRequest), Object(CakeResponse))
#3 {main}
2012-07-06 16:00:01 Error: [MissingActionException] Action PagesController::index() could not be found.
#0 /Applications/MAMP/htdocs/Djinn/lib/Cake/Routing/Dispatcher.php(186): Controller->invokeAction(Object(CakeRequest))
#1 /Applications/MAMP/htdocs/Djinn/lib/Cake/Routing/Dispatcher.php(161): Dispatcher->_invoke(Object(PagesController), Object(CakeRequest), Object(CakeResponse))
#2 /Applications/MAMP/htdocs/Djinn/app/webroot/index.php(92): Dispatcher->dispatch(Object(CakeRequest), Object(CakeResponse))
#3 {main}
2012-07-06 16:01:09 Error: [MissingActionException] Action PagesController::index() could not be found.
#0 /Applications/MAMP/htdocs/Djinn/lib/Cake/Routing/Dispatcher.php(186): Controller->invokeAction(Object(CakeRequest))
#1 /Applications/MAMP/htdocs/Djinn/lib/Cake/Routing/Dispatcher.php(161): Dispatcher->_invoke(Object(PagesController), Object(CakeRequest), Object(CakeResponse))
#2 /Applications/MAMP/htdocs/Djinn/app/webroot/index.php(92): Dispatcher->dispatch(Object(CakeRequest), Object(CakeResponse))
#3 {main}
2012-07-06 16:01:26 Error: [MissingViewException] View file "/Applications/MAMP/htdocs/Djinn/app/View/Pages/show.ctp" is missing.
#0 /Applications/MAMP/htdocs/Djinn/lib/Cake/View/View.php(472): View->_getViewFileName(NULL)
#1 /Applications/MAMP/htdocs/Djinn/lib/Cake/Controller/Controller.php(957): View->render(NULL, NULL)
#2 /Applications/MAMP/htdocs/Djinn/lib/Cake/Routing/Dispatcher.php(193): Controller->render()
#3 /Applications/MAMP/htdocs/Djinn/lib/Cake/Routing/Dispatcher.php(161): Dispatcher->_invoke(Object(PagesController), Object(CakeRequest), Object(CakeResponse))
#4 /Applications/MAMP/htdocs/Djinn/app/webroot/index.php(92): Dispatcher->dispatch(Object(CakeRequest), Object(CakeResponse))
#5 {main}
2012-07-06 16:01:26 Error: [MissingControllerException] Controller class PageController could not be found.
#0 /Applications/MAMP/htdocs/Djinn/app/webroot/index.php(92): Dispatcher->dispatch(Object(CakeRequest), Object(CakeResponse))
#1 {main}
2012-07-06 16:01:28 Error: [MissingControllerException] Controller class PageController could not be found.
#0 /Applications/MAMP/htdocs/Djinn/app/webroot/index.php(92): Dispatcher->dispatch(Object(CakeRequest), Object(CakeResponse))
#1 {main}
2012-07-06 16:04:53 Error: [NotFoundException] Aucune page ne correspond  cet ID
#0 [internal function]: PagesController->show('134', 'ma-premiere-pag...')
#1 /Applications/MAMP/htdocs/Djinn/lib/Cake/Controller/Controller.php(485): ReflectionMethod->invokeArgs(Object(PagesController), Array)
#2 /Applications/MAMP/htdocs/Djinn/lib/Cake/Routing/Dispatcher.php(186): Controller->invokeAction(Object(CakeRequest))
#3 /Applications/MAMP/htdocs/Djinn/lib/Cake/Routing/Dispatcher.php(161): Dispatcher->_invoke(Object(PagesController), Object(CakeRequest), Object(CakeResponse))
#4 /Applications/MAMP/htdocs/Djinn/app/webroot/index.php(92): Dispatcher->dispatch(Object(CakeRequest), Object(CakeResponse))
#5 {main}
2012-07-06 16:04:54 Error: [MissingControllerException] Controller class PageController could not be found.
#0 /Applications/MAMP/htdocs/Djinn/app/webroot/index.php(92): Dispatcher->dispatch(Object(CakeRequest), Object(CakeResponse))
#1 {main}
2012-07-06 16:04:56 Error: [MissingControllerException] Controller class PageController could not be found.
#0 /Applications/MAMP/htdocs/Djinn/app/webroot/index.php(92): Dispatcher->dispatch(Object(CakeRequest), Object(CakeResponse))
#1 {main}
2012-07-06 16:05:37 Error: [MissingActionException] Action PagesController::index() could not be found.
#0 /Applications/MAMP/htdocs/Djinn/lib/Cake/Routing/Dispatcher.php(186): Controller->invokeAction(Object(CakeRequest))
#1 /Applications/MAMP/htdocs/Djinn/lib/Cake/Routing/Dispatcher.php(161): Dispatcher->_invoke(Object(PagesController), Object(CakeRequest), Object(CakeResponse))
#2 /Applications/MAMP/htdocs/Djinn/app/webroot/index.php(92): Dispatcher->dispatch(Object(CakeRequest), Object(CakeResponse))
#3 {main}
2012-07-06 16:08:40 Error: [NotFoundException] Aucune page ne correspond  cet ID
#0 [internal function]: PagesController->show('1', 'ma-premiere-pag...')
#1 /Applications/MAMP/htdocs/Djinn/lib/Cake/Controller/Controller.php(485): ReflectionMethod->invokeArgs(Object(PagesController), Array)
#2 /Applications/MAMP/htdocs/Djinn/lib/Cake/Routing/Dispatcher.php(186): Controller->invokeAction(Object(CakeRequest))
#3 /Applications/MAMP/htdocs/Djinn/lib/Cake/Routing/Dispatcher.php(161): Dispatcher->_invoke(Object(PagesController), Object(CakeRequest), Object(CakeResponse))
#4 /Applications/MAMP/htdocs/Djinn/app/webroot/index.php(92): Dispatcher->dispatch(Object(CakeRequest), Object(CakeResponse))
#5 {main}
2012-07-06 16:08:40 Error: [MissingControllerException] Controller class PageController could not be found.
#0 /Applications/MAMP/htdocs/Djinn/app/webroot/index.php(92): Dispatcher->dispatch(Object(CakeRequest), Object(CakeResponse))
#1 {main}
2012-07-06 16:08:43 Error: [MissingControllerException] Controller class PageController could not be found.
#0 /Applications/MAMP/htdocs/Djinn/app/webroot/index.php(92): Dispatcher->dispatch(Object(CakeRequest), Object(CakeResponse))
#1 {main}
2012-07-06 16:09:12 Error: [NotFoundException] Aucune page ne correspond  cet ID
#0 [internal function]: PagesController->show('1', 'ma-premiere-pag...')
#1 /Applications/MAMP/htdocs/Djinn/lib/Cake/Controller/Controller.php(485): ReflectionMethod->invokeArgs(Object(PagesController), Array)
#2 /Applications/MAMP/htdocs/Djinn/lib/Cake/Routing/Dispatcher.php(186): Controller->invokeAction(Object(CakeRequest))
#3 /Applications/MAMP/htdocs/Djinn/lib/Cake/Routing/Dispatcher.php(161): Dispatcher->_invoke(Object(PagesController), Object(CakeRequest), Object(CakeResponse))
#4 /Applications/MAMP/htdocs/Djinn/app/webroot/index.php(92): Dispatcher->dispatch(Object(CakeRequest), Object(CakeResponse))
#5 {main}
2012-07-06 16:09:12 Error: [MissingControllerException] Controller class PageController could not be found.
#0 /Applications/MAMP/htdocs/Djinn/app/webroot/index.php(92): Dispatcher->dispatch(Object(CakeRequest), Object(CakeResponse))
#1 {main}
2012-07-06 16:09:13 Error: [MissingControllerException] Controller class PageController could not be found.
#0 /Applications/MAMP/htdocs/Djinn/app/webroot/index.php(92): Dispatcher->dispatch(Object(CakeRequest), Object(CakeResponse))
#1 {main}
2012-07-06 16:09:16 Error: [MissingActionException] Action PagesController::index() could not be found.
#0 /Applications/MAMP/htdocs/Djinn/lib/Cake/Routing/Dispatcher.php(186): Controller->invokeAction(Object(CakeRequest))
#1 /Applications/MAMP/htdocs/Djinn/lib/Cake/Routing/Dispatcher.php(161): Dispatcher->_invoke(Object(PagesController), Object(CakeRequest), Object(CakeResponse))
#2 /Applications/MAMP/htdocs/Djinn/app/webroot/index.php(92): Dispatcher->dispatch(Object(CakeRequest), Object(CakeResponse))
#3 {main}
2012-07-06 16:09:47 Error: [NotFoundException] Aucune page ne correspond  cet ID
#0 [internal function]: PagesController->show('1', 'ma-premiere-pag...')
#1 /Applications/MAMP/htdocs/Djinn/lib/Cake/Controller/Controller.php(485): ReflectionMethod->invokeArgs(Object(PagesController), Array)
#2 /Applications/MAMP/htdocs/Djinn/lib/Cake/Routing/Dispatcher.php(186): Controller->invokeAction(Object(CakeRequest))
#3 /Applications/MAMP/htdocs/Djinn/lib/Cake/Routing/Dispatcher.php(161): Dispatcher->_invoke(Object(PagesController), Object(CakeRequest), Object(CakeResponse))
#4 /Applications/MAMP/htdocs/Djinn/app/webroot/index.php(92): Dispatcher->dispatch(Object(CakeRequest), Object(CakeResponse))
#5 {main}
2012-07-06 16:09:48 Error: [MissingControllerException] Controller class PageController could not be found.
#0 /Applications/MAMP/htdocs/Djinn/app/webroot/index.php(92): Dispatcher->dispatch(Object(CakeRequest), Object(CakeResponse))
#1 {main}
2012-07-06 16:09:48 Error: [MissingControllerException] Controller class PageController could not be found.
#0 /Applications/MAMP/htdocs/Djinn/app/webroot/index.php(92): Dispatcher->dispatch(Object(CakeRequest), Object(CakeResponse))
#1 {main}
2012-07-06 16:09:58 Error: [MissingActionException] Action PagesController::ma-premiere-page-1() could not be found.
#0 /Applications/MAMP/htdocs/Djinn/lib/Cake/Routing/Dispatcher.php(186): Controller->invokeAction(Object(CakeRequest))
#1 /Applications/MAMP/htdocs/Djinn/lib/Cake/Routing/Dispatcher.php(161): Dispatcher->_invoke(Object(PagesController), Object(CakeRequest), Object(CakeResponse))
#2 /Applications/MAMP/htdocs/Djinn/app/webroot/index.php(92): Dispatcher->dispatch(Object(CakeRequest), Object(CakeResponse))
#3 {main}
2012-07-06 16:09:59 Error: [MissingActionException] Action PagesController::img() could not be found.
#0 /Applications/MAMP/htdocs/Djinn/lib/Cake/Routing/Dispatcher.php(186): Controller->invokeAction(Object(CakeRequest))
#1 /Applications/MAMP/htdocs/Djinn/lib/Cake/Routing/Dispatcher.php(161): Dispatcher->_invoke(Object(PagesController), Object(CakeRequest), Object(CakeResponse))
#2 /Applications/MAMP/htdocs/Djinn/app/webroot/index.php(92): Dispatcher->dispatch(Object(CakeRequest), Object(CakeResponse))
#3 {main}
2012-07-06 16:09:59 Error: [MissingActionException] Action PagesController::img() could not be found.
#0 /Applications/MAMP/htdocs/Djinn/lib/Cake/Routing/Dispatcher.php(186): Controller->invokeAction(Object(CakeRequest))
#1 /Applications/MAMP/htdocs/Djinn/lib/Cake/Routing/Dispatcher.php(161): Dispatcher->_invoke(Object(PagesController), Object(CakeRequest), Object(CakeResponse))
#2 /Applications/MAMP/htdocs/Djinn/app/webroot/index.php(92): Dispatcher->dispatch(Object(CakeRequest), Object(CakeResponse))
#3 {main}
2012-07-06 16:10:19 Error: [MissingActionException] Action PagesController::index() could not be found.
#0 /Applications/MAMP/htdocs/Djinn/lib/Cake/Routing/Dispatcher.php(186): Controller->invokeAction(Object(CakeRequest))
#1 /Applications/MAMP/htdocs/Djinn/lib/Cake/Routing/Dispatcher.php(161): Dispatcher->_invoke(Object(PagesController), Object(CakeRequest), Object(CakeResponse))
#2 /Applications/MAMP/htdocs/Djinn/app/webroot/index.php(92): Dispatcher->dispatch(Object(CakeRequest), Object(CakeResponse))
#3 {main}
2012-07-06 16:10:22 Error: [MissingControllerException] Controller class PageController could not be found.
#0 /Applications/MAMP/htdocs/Djinn/app/webroot/index.php(92): Dispatcher->dispatch(Object(CakeRequest), Object(CakeResponse))
#1 {main}
2012-07-06 16:10:24 Error: [MissingControllerException] Controller class PageController could not be found.
#0 /Applications/MAMP/htdocs/Djinn/app/webroot/index.php(92): Dispatcher->dispatch(Object(CakeRequest), Object(CakeResponse))
#1 {main}
2012-07-06 16:11:08 Error: [MissingControllerException] Controller class PageController could not be found.
#0 /Applications/MAMP/htdocs/Djinn/app/webroot/index.php(92): Dispatcher->dispatch(Object(CakeRequest), Object(CakeResponse))
#1 {main}
2012-07-06 16:11:09 Error: [MissingControllerException] Controller class PageController could not be found.
#0 /Applications/MAMP/htdocs/Djinn/app/webroot/index.php(92): Dispatcher->dispatch(Object(CakeRequest), Object(CakeResponse))
#1 {main}
2012-07-06 16:13:27 Error: [MissingActionException] Action PagesController::ma-premiere-page-1() could not be found.
#0 /Applications/MAMP/htdocs/Djinn/lib/Cake/Routing/Dispatcher.php(186): Controller->invokeAction(Object(CakeRequest))
#1 /Applications/MAMP/htdocs/Djinn/lib/Cake/Routing/Dispatcher.php(161): Dispatcher->_invoke(Object(PagesController), Object(CakeRequest), Object(CakeResponse))
#2 /Applications/MAMP/htdocs/Djinn/app/webroot/index.php(92): Dispatcher->dispatch(Object(CakeRequest), Object(CakeResponse))
#3 {main}
2012-07-06 16:13:28 Error: [MissingActionException] Action PagesController::img() could not be found.
#0 /Applications/MAMP/htdocs/Djinn/lib/Cake/Routing/Dispatcher.php(186): Controller->invokeAction(Object(CakeRequest))
#1 /Applications/MAMP/htdocs/Djinn/lib/Cake/Routing/Dispatcher.php(161): Dispatcher->_invoke(Object(PagesController), Object(CakeRequest), Object(CakeResponse))
#2 /Applications/MAMP/htdocs/Djinn/app/webroot/index.php(92): Dispatcher->dispatch(Object(CakeRequest), Object(CakeResponse))
#3 {main}
2012-07-06 16:13:30 Error: [MissingActionException] Action PagesController::img() could not be found.
#0 /Applications/MAMP/htdocs/Djinn/lib/Cake/Routing/Dispatcher.php(186): Controller->invokeAction(Object(CakeRequest))
#1 /Applications/MAMP/htdocs/Djinn/lib/Cake/Routing/Dispatcher.php(161): Dispatcher->_invoke(Object(PagesController), Object(CakeRequest), Object(CakeResponse))
#2 /Applications/MAMP/htdocs/Djinn/app/webroot/index.php(92): Dispatcher->dispatch(Object(CakeRequest), Object(CakeResponse))
#3 {main}
2012-07-06 16:13:31 Error: [MissingControllerException] Controller class PageController could not be found.
#0 /Applications/MAMP/htdocs/Djinn/app/webroot/index.php(92): Dispatcher->dispatch(Object(CakeRequest), Object(CakeResponse))
#1 {main}
2012-07-06 16:13:32 Error: [MissingControllerException] Controller class PageController could not be found.
#0 /Applications/MAMP/htdocs/Djinn/app/webroot/index.php(92): Dispatcher->dispatch(Object(CakeRequest), Object(CakeResponse))
#1 {main}
2012-07-06 16:13:36 Error: [MissingControllerException] Controller class PageController could not be found.
#0 /Applications/MAMP/htdocs/Djinn/app/webroot/index.php(92): Dispatcher->dispatch(Object(CakeRequest), Object(CakeResponse))
#1 {main}
2012-07-06 16:13:37 Error: [MissingControllerException] Controller class PageController could not be found.
#0 /Applications/MAMP/htdocs/Djinn/app/webroot/index.php(92): Dispatcher->dispatch(Object(CakeRequest), Object(CakeResponse))
#1 {main}
2012-07-06 16:19:37 Error: [MissingControllerException] Controller class PageController could not be found.
#0 /Applications/MAMP/htdocs/Djinn/app/webroot/index.php(92): Dispatcher->dispatch(Object(CakeRequest), Object(CakeResponse))
#1 {main}
2012-07-06 16:19:39 Error: [MissingControllerException] Controller class PageController could not be found.
#0 /Applications/MAMP/htdocs/Djinn/app/webroot/index.php(92): Dispatcher->dispatch(Object(CakeRequest), Object(CakeResponse))
#1 {main}
2012-07-06 16:26:39 Error: [MissingControllerException] Controller class PageController could not be found.
#0 /Applications/MAMP/htdocs/Djinn/app/webroot/index.php(92): Dispatcher->dispatch(Object(CakeRequest), Object(CakeResponse))
#1 {main}
2012-07-06 16:26:42 Error: [MissingControllerException] Controller class PageController could not be found.
#0 /Applications/MAMP/htdocs/Djinn/app/webroot/index.php(92): Dispatcher->dispatch(Object(CakeRequest), Object(CakeResponse))
#1 {main}
2012-07-06 16:26:45 Error: [MissingControllerException] Controller class PageController could not be found.
#0 /Applications/MAMP/htdocs/Djinn/app/webroot/index.php(92): Dispatcher->dispatch(Object(CakeRequest), Object(CakeResponse))
#1 {main}
2012-07-06 16:26:45 Error: [MissingControllerException] Controller class PageController could not be found.
#0 /Applications/MAMP/htdocs/Djinn/app/webroot/index.php(92): Dispatcher->dispatch(Object(CakeRequest), Object(CakeResponse))
#1 {main}
2012-07-06 16:26:49 Error: [MissingActionException] Action PagesController::index() could not be found.
#0 /Applications/MAMP/htdocs/Djinn/lib/Cake/Routing/Dispatcher.php(186): Controller->invokeAction(Object(CakeRequest))
#1 /Applications/MAMP/htdocs/Djinn/lib/Cake/Routing/Dispatcher.php(161): Dispatcher->_invoke(Object(PagesController), Object(CakeRequest), Object(CakeResponse))
#2 /Applications/MAMP/htdocs/Djinn/app/webroot/index.php(92): Dispatcher->dispatch(Object(CakeRequest), Object(CakeResponse))
#3 {main}
2012-07-06 16:26:58 Error: [MissingControllerException] Controller class PageController could not be found.
#0 /Applications/MAMP/htdocs/Djinn/app/webroot/index.php(92): Dispatcher->dispatch(Object(CakeRequest), Object(CakeResponse))
#1 {main}
2012-07-06 16:27:02 Error: [MissingControllerException] Controller class PageController could not be found.
#0 /Applications/MAMP/htdocs/Djinn/app/webroot/index.php(92): Dispatcher->dispatch(Object(CakeRequest), Object(CakeResponse))
#1 {main}
2012-07-06 16:27:03 Error: [MissingControllerException] Controller class PageController could not be found.
#0 /Applications/MAMP/htdocs/Djinn/app/webroot/index.php(92): Dispatcher->dispatch(Object(CakeRequest), Object(CakeResponse))
#1 {main}
2012-07-06 16:30:14 Error: [MissingControllerException] Controller class PageController could not be found.
#0 /Applications/MAMP/htdocs/Djinn/app/webroot/index.php(92): Dispatcher->dispatch(Object(CakeRequest), Object(CakeResponse))
#1 {main}
2012-07-06 16:30:14 Error: [MissingControllerException] Controller class PageController could not be found.
#0 /Applications/MAMP/htdocs/Djinn/app/webroot/index.php(92): Dispatcher->dispatch(Object(CakeRequest), Object(CakeResponse))
#1 {main}
2012-07-06 16:30:20 Error: [MissingActionException] Action PagesController::index() could not be found.
#0 /Applications/MAMP/htdocs/Djinn/lib/Cake/Routing/Dispatcher.php(186): Controller->invokeAction(Object(CakeRequest))
#1 /Applications/MAMP/htdocs/Djinn/lib/Cake/Routing/Dispatcher.php(161): Dispatcher->_invoke(Object(PagesController), Object(CakeRequest), Object(CakeResponse))
#2 /Applications/MAMP/htdocs/Djinn/app/webroot/index.php(92): Dispatcher->dispatch(Object(CakeRequest), Object(CakeResponse))
#3 {main}
2012-07-06 16:30:24 Error: [MissingControllerException] Controller class PageController could not be found.
#0 /Applications/MAMP/htdocs/Djinn/app/webroot/index.php(92): Dispatcher->dispatch(Object(CakeRequest), Object(CakeResponse))
#1 {main}
2012-07-06 16:30:25 Error: [MissingControllerException] Controller class PageController could not be found.
#0 /Applications/MAMP/htdocs/Djinn/app/webroot/index.php(92): Dispatcher->dispatch(Object(CakeRequest), Object(CakeResponse))
#1 {main}
2012-07-06 16:30:47 Error: [MissingControllerException] Controller class PageController could not be found.
#0 /Applications/MAMP/htdocs/Djinn/app/webroot/index.php(92): Dispatcher->dispatch(Object(CakeRequest), Object(CakeResponse))
#1 {main}
2012-07-06 16:30:48 Error: [MissingControllerException] Controller class PageController could not be found.
#0 /Applications/MAMP/htdocs/Djinn/app/webroot/index.php(92): Dispatcher->dispatch(Object(CakeRequest), Object(CakeResponse))
#1 {main}
2012-07-06 16:31:43 Error: [MissingControllerException] Controller class PageController could not be found.
#0 /Applications/MAMP/htdocs/Djinn/app/webroot/index.php(92): Dispatcher->dispatch(Object(CakeRequest), Object(CakeResponse))
#1 {main}
2012-07-06 16:31:43 Error: [MissingControllerException] Controller class PageController could not be found.
#0 /Applications/MAMP/htdocs/Djinn/app/webroot/index.php(92): Dispatcher->dispatch(Object(CakeRequest), Object(CakeResponse))
#1 {main}
2012-07-06 16:32:02 Error: [MissingControllerException] Controller class PageController could not be found.
#0 /Applications/MAMP/htdocs/Djinn/app/webroot/index.php(92): Dispatcher->dispatch(Object(CakeRequest), Object(CakeResponse))
#1 {main}
2012-07-06 16:32:02 Error: [MissingControllerException] Controller class PageController could not be found.
#0 /Applications/MAMP/htdocs/Djinn/app/webroot/index.php(92): Dispatcher->dispatch(Object(CakeRequest), Object(CakeResponse))
#1 {main}
2012-07-06 16:32:55 Error: [MissingControllerException] Controller class PageController could not be found.
#0 /Applications/MAMP/htdocs/Djinn/app/webroot/index.php(92): Dispatcher->dispatch(Object(CakeRequest), Object(CakeResponse))
#1 {main}
2012-07-06 16:32:57 Error: [MissingControllerException] Controller class PageController could not be found.
#0 /Applications/MAMP/htdocs/Djinn/app/webroot/index.php(92): Dispatcher->dispatch(Object(CakeRequest), Object(CakeResponse))
#1 {main}
2012-07-06 16:33:30 Error: [MissingControllerException] Controller class PageController could not be found.
#0 /Applications/MAMP/htdocs/Djinn/app/webroot/index.php(92): Dispatcher->dispatch(Object(CakeRequest), Object(CakeResponse))
#1 {main}
2012-07-06 16:36:34 Error: [MissingControllerException] Controller class PageController could not be found.
#0 /Applications/MAMP/htdocs/Djinn/app/webroot/index.php(92): Dispatcher->dispatch(Object(CakeRequest), Object(CakeResponse))
#1 {main}
2012-07-06 16:36:35 Error: [MissingControllerException] Controller class PageController could not be found.
#0 /Applications/MAMP/htdocs/Djinn/app/webroot/index.php(92): Dispatcher->dispatch(Object(CakeRequest), Object(CakeResponse))
#1 {main}
2012-07-06 16:37:10 Error: [MissingControllerException] Controller class PageController could not be found.
#0 /Applications/MAMP/htdocs/Djinn/app/webroot/index.php(92): Dispatcher->dispatch(Object(CakeRequest), Object(CakeResponse))
#1 {main}
2012-07-06 16:37:11 Error: [MissingControllerException] Controller class PageController could not be found.
#0 /Applications/MAMP/htdocs/Djinn/app/webroot/index.php(92): Dispatcher->dispatch(Object(CakeRequest), Object(CakeResponse))
#1 {main}
2012-07-06 16:37:14 Error: [MissingActionException] Action PagesController::index() could not be found.
#0 /Applications/MAMP/htdocs/Djinn/lib/Cake/Routing/Dispatcher.php(186): Controller->invokeAction(Object(CakeRequest))
#1 /Applications/MAMP/htdocs/Djinn/lib/Cake/Routing/Dispatcher.php(161): Dispatcher->_invoke(Object(PagesController), Object(CakeRequest), Object(CakeResponse))
#2 /Applications/MAMP/htdocs/Djinn/app/webroot/index.php(92): Dispatcher->dispatch(Object(CakeRequest), Object(CakeResponse))
#3 {main}
2012-07-06 16:39:25 Error: [MissingControllerException] Controller class PageController could not be found.
#0 /Applications/MAMP/htdocs/Djinn/app/webroot/index.php(92): Dispatcher->dispatch(Object(CakeRequest), Object(CakeResponse))
#1 {main}
2012-07-06 16:39:26 Error: [MissingControllerException] Controller class PageController could not be found.
#0 /Applications/MAMP/htdocs/Djinn/app/webroot/index.php(92): Dispatcher->dispatch(Object(CakeRequest), Object(CakeResponse))
#1 {main}
2012-07-06 16:42:15 Error: [MissingControllerException] Controller class PageController could not be found.
#0 /Applications/MAMP/htdocs/Djinn/app/webroot/index.php(92): Dispatcher->dispatch(Object(CakeRequest), Object(CakeResponse))
#1 {main}
2012-07-06 16:42:18 Error: [MissingControllerException] Controller class PageController could not be found.
#0 /Applications/MAMP/htdocs/Djinn/app/webroot/index.php(92): Dispatcher->dispatch(Object(CakeRequest), Object(CakeResponse))
#1 {main}
2012-07-06 16:43:02 Error: [MissingControllerException] Controller class PageController could not be found.
#0 /Applications/MAMP/htdocs/Djinn/app/webroot/index.php(92): Dispatcher->dispatch(Object(CakeRequest), Object(CakeResponse))
#1 {main}
2012-07-06 16:47:30 Error: [MissingActionException] Action PagesController::index() could not be found.
#0 /Applications/MAMP/htdocs/Djinn/lib/Cake/Routing/Dispatcher.php(186): Controller->invokeAction(Object(CakeRequest))
#1 /Applications/MAMP/htdocs/Djinn/lib/Cake/Routing/Dispatcher.php(161): Dispatcher->_invoke(Object(PagesController), Object(CakeRequest), Object(CakeResponse))
#2 /Applications/MAMP/htdocs/Djinn/app/webroot/index.php(92): Dispatcher->dispatch(Object(CakeRequest), Object(CakeResponse))
#3 {main}
2012-07-06 16:51:43 Error: [MissingControllerException] Controller class PageController could not be found.
#0 /Applications/MAMP/htdocs/Djinn/app/webroot/index.php(92): Dispatcher->dispatch(Object(CakeRequest), Object(CakeResponse))
#1 {main}
2012-07-06 16:52:17 Error: [MissingViewException] View file "/Applications/MAMP/htdocs/Djinn/app/View/Pages/admin_index.ctp" is missing.
#0 /Applications/MAMP/htdocs/Djinn/lib/Cake/View/View.php(472): View->_getViewFileName(NULL)
#1 /Applications/MAMP/htdocs/Djinn/lib/Cake/Controller/Controller.php(957): View->render(NULL, NULL)
#2 /Applications/MAMP/htdocs/Djinn/lib/Cake/Routing/Dispatcher.php(193): Controller->render()
#3 /Applications/MAMP/htdocs/Djinn/lib/Cake/Routing/Dispatcher.php(161): Dispatcher->_invoke(Object(PagesController), Object(CakeRequest), Object(CakeResponse))
#4 /Applications/MAMP/htdocs/Djinn/app/webroot/index.php(92): Dispatcher->dispatch(Object(CakeRequest), Object(CakeResponse))
#5 {main}
2012-07-06 16:53:45 Error: [MissingViewException] View file "/Applications/MAMP/htdocs/Djinn/app/View/Pages/admin_index.ctp" is missing.
#0 /Applications/MAMP/htdocs/Djinn/lib/Cake/View/View.php(472): View->_getViewFileName(NULL)
#1 /Applications/MAMP/htdocs/Djinn/lib/Cake/Controller/Controller.php(957): View->render(NULL, NULL)
#2 /Applications/MAMP/htdocs/Djinn/lib/Cake/Routing/Dispatcher.php(193): Controller->render()
#3 /Applications/MAMP/htdocs/Djinn/lib/Cake/Routing/Dispatcher.php(161): Dispatcher->_invoke(Object(PagesController), Object(CakeRequest), Object(CakeResponse))
#4 /Applications/MAMP/htdocs/Djinn/app/webroot/index.php(92): Dispatcher->dispatch(Object(CakeRequest), Object(CakeResponse))
#5 {main}
2012-07-06 16:53:52 Error: [MissingControllerException] Controller class PageController could not be found.
#0 /Applications/MAMP/htdocs/Djinn/app/webroot/index.php(92): Dispatcher->dispatch(Object(CakeRequest), Object(CakeResponse))
#1 {main}
2012-07-06 16:53:55 Error: [MissingActionException] Action PagesController::index() could not be found.
#0 /Applications/MAMP/htdocs/Djinn/lib/Cake/Routing/Dispatcher.php(186): Controller->invokeAction(Object(CakeRequest))
#1 /Applications/MAMP/htdocs/Djinn/lib/Cake/Routing/Dispatcher.php(161): Dispatcher->_invoke(Object(PagesController), Object(CakeRequest), Object(CakeResponse))
#2 /Applications/MAMP/htdocs/Djinn/app/webroot/index.php(92): Dispatcher->dispatch(Object(CakeRequest), Object(CakeResponse))
#3 {main}
2012-07-06 17:09:56 Error: [MissingControllerException] Controller class PageController could not be found.
#0 /Applications/MAMP/htdocs/Djinn/app/webroot/index.php(92): Dispatcher->dispatch(Object(CakeRequest), Object(CakeResponse))
#1 {main}
2012-07-06 17:10:53 Error: [MissingControllerException] Controller class PageController could not be found.
#0 /Applications/MAMP/htdocs/Djinn/app/webroot/index.php(92): Dispatcher->dispatch(Object(CakeRequest), Object(CakeResponse))
#1 {main}
2012-07-06 17:11:24 Error: [MissingControllerException] Controller class PageController could not be found.
#0 /Applications/MAMP/htdocs/Djinn/app/webroot/index.php(92): Dispatcher->dispatch(Object(CakeRequest), Object(CakeResponse))
#1 {main}
2012-07-06 17:12:45 Error: [MissingControllerException] Controller class PageController could not be found.
#0 /Applications/MAMP/htdocs/Djinn/app/webroot/index.php(92): Dispatcher->dispatch(Object(CakeRequest), Object(CakeResponse))
#1 {main}
2012-07-06 17:12:52 Error: [MissingControllerException] Controller class PageController could not be found.
#0 /Applications/MAMP/htdocs/Djinn/app/webroot/index.php(92): Dispatcher->dispatch(Object(CakeRequest), Object(CakeResponse))
#1 {main}
2012-07-06 17:16:41 Error: [MissingActionException] Action PagesController::admin_ma-premiere-page-1() could not be found.
#0 /Applications/MAMP/htdocs/Djinn/lib/Cake/Routing/Dispatcher.php(186): Controller->invokeAction(Object(CakeRequest))
#1 /Applications/MAMP/htdocs/Djinn/lib/Cake/Routing/Dispatcher.php(161): Dispatcher->_invoke(Object(PagesController), Object(CakeRequest), Object(CakeResponse))
#2 /Applications/MAMP/htdocs/Djinn/app/webroot/index.php(92): Dispatcher->dispatch(Object(CakeRequest), Object(CakeResponse))
#3 {main}
2012-07-06 18:52:39 Error: [MissingActionException] Action PagesController::admin_edit() could not be found.
#0 /Applications/MAMP/htdocs/Djinn/lib/Cake/Routing/Dispatcher.php(186): Controller->invokeAction(Object(CakeRequest))
#1 /Applications/MAMP/htdocs/Djinn/lib/Cake/Routing/Dispatcher.php(161): Dispatcher->_invoke(Object(PagesController), Object(CakeRequest), Object(CakeResponse))
#2 /Applications/MAMP/htdocs/Djinn/app/webroot/index.php(92): Dispatcher->dispatch(Object(CakeRequest), Object(CakeResponse))
#3 {main}
2012-07-06 18:53:00 Error: [MissingActionException] Action PagesController::admin_edit() could not be found.
#0 /Applications/MAMP/htdocs/Djinn/lib/Cake/Routing/Dispatcher.php(186): Controller->invokeAction(Object(CakeRequest))
#1 /Applications/MAMP/htdocs/Djinn/lib/Cake/Routing/Dispatcher.php(161): Dispatcher->_invoke(Object(PagesController), Object(CakeRequest), Object(CakeResponse))
#2 /Applications/MAMP/htdocs/Djinn/app/webroot/index.php(92): Dispatcher->dispatch(Object(CakeRequest), Object(CakeResponse))
#3 {main}
2012-07-06 18:53:16 Error: [MissingActionException] Action PagesController::admin_edit() could not be found.
#0 /Applications/MAMP/htdocs/Djinn/lib/Cake/Routing/Dispatcher.php(186): Controller->invokeAction(Object(CakeRequest))
#1 /Applications/MAMP/htdocs/Djinn/lib/Cake/Routing/Dispatcher.php(161): Dispatcher->_invoke(Object(PagesController), Object(CakeRequest), Object(CakeResponse))
#2 /Applications/MAMP/htdocs/Djinn/app/webroot/index.php(92): Dispatcher->dispatch(Object(CakeRequest), Object(CakeResponse))
#3 {main}
2012-07-06 18:53:27 Error: [MissingActionException] Action PagesController::admin_edit() could not be found.
#0 /Applications/MAMP/htdocs/Djinn/lib/Cake/Routing/Dispatcher.php(186): Controller->invokeAction(Object(CakeRequest))
#1 /Applications/MAMP/htdocs/Djinn/lib/Cake/Routing/Dispatcher.php(161): Dispatcher->_invoke(Object(PagesController), Object(CakeRequest), Object(CakeResponse))
#2 /Applications/MAMP/htdocs/Djinn/app/webroot/index.php(92): Dispatcher->dispatch(Object(CakeRequest), Object(CakeResponse))
#3 {main}
2012-07-06 18:53:33 Error: [MissingActionException] Action PagesController::admin_edit() could not be found.
#0 /Applications/MAMP/htdocs/Djinn/lib/Cake/Routing/Dispatcher.php(186): Controller->invokeAction(Object(CakeRequest))
#1 /Applications/MAMP/htdocs/Djinn/lib/Cake/Routing/Dispatcher.php(161): Dispatcher->_invoke(Object(PagesController), Object(CakeRequest), Object(CakeResponse))
#2 /Applications/MAMP/htdocs/Djinn/app/webroot/index.php(92): Dispatcher->dispatch(Object(CakeRequest), Object(CakeResponse))
#3 {main}
2012-07-06 20:53:18 Error: [MissingControllerException] Controller class AdminController could not be found.
#0 /Applications/MAMP/htdocs/Djinn/app/webroot/index.php(92): Dispatcher->dispatch(Object(CakeRequest), Object(CakeResponse))
#1 {main}
2012-07-06 21:06:22 Error: [MissingActionException] Action PagesController::display() could not be found.
#0 /Applications/MAMP/htdocs/Djinn/lib/Cake/Routing/Dispatcher.php(186): Controller->invokeAction(Object(CakeRequest))
#1 /Applications/MAMP/htdocs/Djinn/lib/Cake/Routing/Dispatcher.php(161): Dispatcher->_invoke(Object(PagesController), Object(CakeRequest), Object(CakeResponse))
#2 /Applications/MAMP/htdocs/Djinn/app/webroot/index.php(92): Dispatcher->dispatch(Object(CakeRequest), Object(CakeResponse))
#3 {main}
2012-07-06 21:21:32 Error: [MissingActionException] Action PagesController::admin() could not be found.
#0 /Applications/MAMP/htdocs/Djinn/lib/Cake/Routing/Dispatcher.php(186): Controller->invokeAction(Object(CakeRequest))
#1 /Applications/MAMP/htdocs/Djinn/lib/Cake/Routing/Dispatcher.php(161): Dispatcher->_invoke(Object(PagesController), Object(CakeRequest), Object(CakeResponse))
#2 /Applications/MAMP/htdocs/Djinn/app/webroot/index.php(92): Dispatcher->dispatch(Object(CakeRequest), Object(CakeResponse))
#3 {main}
2012-07-06 21:21:41 Error: [MissingControllerException] Controller class PageController could not be found.
#0 /Applications/MAMP/htdocs/Djinn/app/webroot/index.php(92): Dispatcher->dispatch(Object(CakeRequest), Object(CakeResponse))
#1 {main}
2012-07-06 21:22:22 Error: [MissingControllerException] Controller class PageController could not be found.
#0 /Applications/MAMP/htdocs/Djinn/app/webroot/index.php(92): Dispatcher->dispatch(Object(CakeRequest), Object(CakeResponse))
#1 {main}
2012-07-06 21:22:26 Error: [MissingControllerException] Controller class PageController could not be found.
#0 /Applications/MAMP/htdocs/Djinn/app/webroot/index.php(92): Dispatcher->dispatch(Object(CakeRequest), Object(CakeResponse))
#1 {main}
2012-07-06 21:40:48 Error: [MissingControllerException] Controller class PageController could not be found.
#0 /Applications/MAMP/htdocs/Djinn/app/webroot/index.php(92): Dispatcher->dispatch(Object(CakeRequest), Object(CakeResponse))
#1 {main}
2012-07-06 21:40:55 Error: [MissingActionException] Action PagesController::display() could not be found.
#0 /Applications/MAMP/htdocs/Djinn/lib/Cake/Routing/Dispatcher.php(186): Controller->invokeAction(Object(CakeRequest))
#1 /Applications/MAMP/htdocs/Djinn/lib/Cake/Routing/Dispatcher.php(161): Dispatcher->_invoke(Object(PagesController), Object(CakeRequest), Object(CakeResponse))
#2 /Applications/MAMP/htdocs/Djinn/app/webroot/index.php(92): Dispatcher->dispatch(Object(CakeRequest), Object(CakeResponse))
#3 {main}
